<?xml version="1.0" encoding="utf-8"?>
<CoverageSession xmlns:xsd="http://www.w3.org/2001/XMLSchema" xmlns:xsi="http://www.w3.org/2001/XMLSchema-instance">
  <Summary numSequencePoints="152" visitedSequencePoints="78" numBranchPoints="68" visitedBranchPoints="46" sequenceCoverage="51.32" branchCoverage="67.65" maxCyclomaticComplexity="5" minCyclomaticComplexity="1" visitedClasses="9" numClasses="15" visitedMethods="32" numMethods="48" />
  <Modules>
    <Module skippedDueTo="Filter" hash="D0-A4-D4-93-45-8B-BB-09-03-04-B8-39-7E-0A-FE-93-61-75-BB-8F">
      <ModulePath>C:\Program Files\dotnet\shared\Microsoft.NETCore.App\1.0.1\System.Private.CoreLib.ni.dll</ModulePath>
      <ModuleTime>2016-08-27T01:53:48Z</ModuleTime>
      <ModuleName>System.Private.CoreLib</ModuleName>
      <Classes />
    </Module>
    <Module skippedDueTo="Filter" hash="A4-06-65-83-C0-19-21-E9-9F-0E-16-10-5E-EF-0B-31-22-9F-10-C1">
      <ModulePath>C:\Program Files\dotnet\sdk\1.0.0-preview2-003133\dotnet.dll</ModulePath>
      <ModuleTime>2016-09-20T04:17:34Z</ModuleTime>
      <ModuleName>dotnet</ModuleName>
      <Classes />
    </Module>
    <Module skippedDueTo="Filter" hash="C0-0B-47-30-F6-8C-22-2F-ED-1C-72-09-B4-F9-A9-04-FE-54-67-3E">
      <ModulePath>C:\Program Files\dotnet\shared\Microsoft.NETCore.App\1.0.1\System.Runtime.dll</ModulePath>
      <ModuleTime>2016-08-27T01:53:30Z</ModuleTime>
      <ModuleName>System.Runtime</ModuleName>
      <Classes />
    </Module>
    <Module skippedDueTo="Filter" hash="58-CB-A8-F0-EF-6E-BA-91-5C-7C-7A-4C-5B-58-A4-47-48-86-48-54">
      <ModulePath>C:\Program Files\dotnet\shared\Microsoft.NETCore.App\1.0.1\mscorlib.dll</ModulePath>
      <ModuleTime>2016-08-10T05:25:46Z</ModuleTime>
      <ModuleName>mscorlib</ModuleName>
      <Classes />
    </Module>
    <Module skippedDueTo="Filter" hash="EA-F7-33-B1-5C-57-9F-11-E4-61-7A-BA-C8-98-72-DA-58-B1-3D-9E">
      <ModulePath>C:\Program Files\dotnet\sdk\1.0.0-preview2-003133\Microsoft.DotNet.Cli.Utils.dll</ModulePath>
      <ModuleTime>2016-09-20T04:17:34Z</ModuleTime>
      <ModuleName>Microsoft.DotNet.Cli.Utils</ModuleName>
      <Classes />
    </Module>
    <Module skippedDueTo="Filter" hash="E4-24-68-CE-96-B4-7D-EC-13-BC-83-16-DC-7A-1B-17-2E-6B-CA-0D">
      <ModulePath>C:\Program Files\dotnet\shared\Microsoft.NETCore.App\1.0.1\System.Runtime.Extensions.dll</ModulePath>
      <ModuleTime>2016-08-27T01:53:30Z</ModuleTime>
      <ModuleName>System.Runtime.Extensions</ModuleName>
      <Classes />
    </Module>
    <Module skippedDueTo="Filter" hash="08-37-A8-B7-56-D8-4E-E3-75-19-AE-20-DD-5D-7E-CE-BF-6F-F4-BA">
      <ModulePath>C:\Program Files\dotnet\shared\Microsoft.NETCore.App\1.0.1\System.Runtime.InteropServices.RuntimeInformation.dll</ModulePath>
      <ModuleTime>2016-08-27T01:53:08Z</ModuleTime>
      <ModuleName>System.Runtime.InteropServices.RuntimeInformation</ModuleName>
      <Classes />
    </Module>
    <Module skippedDueTo="Filter" hash="FC-B1-82-15-06-2C-0C-C2-87-74-15-D0-F9-D2-F0-F4-1B-3E-36-36">
      <ModulePath>C:\Program Files\dotnet\shared\Microsoft.NETCore.App\1.0.1\System.Reflection.Extensions.dll</ModulePath>
      <ModuleTime>2016-08-27T01:53:30Z</ModuleTime>
      <ModuleName>System.Reflection.Extensions</ModuleName>
      <Classes />
    </Module>
    <Module skippedDueTo="Filter" hash="63-A7-F6-D4-3B-9C-64-D6-D6-2B-8D-7E-7E-1F-76-4A-F8-AD-F3-CD">
      <ModulePath>C:\Program Files\dotnet\shared\Microsoft.NETCore.App\1.0.1\System.Reflection.dll</ModulePath>
      <ModuleTime>2016-08-27T01:53:30Z</ModuleTime>
      <ModuleName>System.Reflection</ModuleName>
      <Classes />
    </Module>
    <Module skippedDueTo="Filter" hash="B1-76-0A-3E-A0-43-AB-3F-F7-64-B0-DB-3F-05-CC-CC-39-D2-85-31">
      <ModulePath>C:\Program Files\dotnet\sdk\1.0.0-preview2-003133\Microsoft.DotNet.InternalAbstractions.dll</ModulePath>
      <ModuleTime>2016-09-20T04:17:28Z</ModuleTime>
      <ModuleName>Microsoft.DotNet.InternalAbstractions</ModuleName>
      <Classes />
    </Module>
    <Module skippedDueTo="Filter" hash="9A-99-D9-D4-11-D2-96-89-D0-1C-D3-AC-F5-6D-6A-6E-98-9B-BB-33">
      <ModulePath>C:\Program Files\dotnet\shared\Microsoft.NETCore.App\1.0.1\System.Runtime.InteropServices.dll</ModulePath>
      <ModuleTime>2016-08-27T01:53:08Z</ModuleTime>
      <ModuleName>System.Runtime.InteropServices</ModuleName>
      <Classes />
    </Module>
    <Module skippedDueTo="Filter" hash="CE-C5-79-4A-B6-B2-88-E9-BD-31-CD-09-A3-AD-4F-A6-DD-8D-E8-F6">
      <ModulePath>C:\Program Files\dotnet\shared\Microsoft.NETCore.App\1.0.1\System.IO.FileSystem.dll</ModulePath>
      <ModuleTime>2016-08-27T01:53:10Z</ModuleTime>
      <ModuleName>System.IO.FileSystem</ModuleName>
      <Classes />
    </Module>
    <Module skippedDueTo="Filter" hash="B1-19-6F-4C-53-B3-76-17-64-29-F9-37-BA-6F-83-DA-58-6F-B6-B9">
      <ModulePath>C:\Program Files\dotnet\shared\Microsoft.NETCore.App\1.0.1\System.IO.FileSystem.Primitives.dll</ModulePath>
      <ModuleTime>2016-08-27T01:53:30Z</ModuleTime>
      <ModuleName>System.IO.FileSystem.Primitives</ModuleName>
      <Classes />
    </Module>
    <Module skippedDueTo="Filter" hash="84-D9-70-F6-7C-DD-08-04-67-C9-FD-C9-F7-73-18-20-F5-D4-6B-21">
      <ModulePath>C:\Program Files\dotnet\shared\Microsoft.NETCore.App\1.0.1\System.Runtime.Loader.dll</ModulePath>
      <ModuleTime>2016-08-27T01:53:30Z</ModuleTime>
      <ModuleName>System.Runtime.Loader</ModuleName>
      <Classes />
    </Module>
    <Module skippedDueTo="Filter" hash="8E-54-0A-D0-24-CD-6B-32-64-57-9C-3F-C6-52-82-F1-01-92-80-4E">
      <ModulePath>C:\Program Files\dotnet\shared\Microsoft.NETCore.App\1.0.1\System.Text.Encoding.CodePages.dll</ModulePath>
      <ModuleTime>2016-08-27T01:53:02Z</ModuleTime>
      <ModuleName>System.Text.Encoding.CodePages</ModuleName>
      <Classes />
    </Module>
    <Module skippedDueTo="Filter" hash="1D-66-FA-DE-32-DB-6B-83-8C-03-3F-E3-92-AA-DF-91-67-A6-74-77">
      <ModulePath>C:\Program Files\dotnet\shared\Microsoft.NETCore.App\1.0.1\System.Text.Encoding.dll</ModulePath>
      <ModuleTime>2016-08-27T01:53:02Z</ModuleTime>
      <ModuleName>System.Text.Encoding</ModuleName>
      <Classes />
    </Module>
    <Module skippedDueTo="Filter" hash="8B-F8-CA-46-47-F7-F8-FC-B2-02-2C-B9-9C-04-F2-97-A4-C8-E8-4B">
      <ModulePath>C:\Program Files\dotnet\shared\Microsoft.NETCore.App\1.0.1\System.Collections.dll</ModulePath>
      <ModuleTime>2016-08-27T01:53:02Z</ModuleTime>
      <ModuleName>System.Collections</ModuleName>
      <Classes />
    </Module>
    <Module skippedDueTo="Filter" hash="1D-AC-DB-E8-D9-E7-17-83-EC-8B-C2-98-10-EE-6F-EA-80-45-48-DD">
      <ModulePath>C:\Program Files\dotnet\shared\Microsoft.NETCore.App\1.0.1\System.Threading.dll</ModulePath>
      <ModuleTime>2016-08-27T01:53:08Z</ModuleTime>
      <ModuleName>System.Threading</ModuleName>
      <Classes />
    </Module>
    <Module skippedDueTo="Filter" hash="C8-71-6E-F2-58-96-B6-33-3F-F6-50-7B-7B-9F-14-E9-03-42-A2-62">
      <ModulePath>C:\Program Files\dotnet\shared\Microsoft.NETCore.App\1.0.1\System.Collections.Concurrent.dll</ModulePath>
      <ModuleTime>2016-08-27T01:53:30Z</ModuleTime>
      <ModuleName>System.Collections.Concurrent</ModuleName>
      <Classes />
    </Module>
    <Module skippedDueTo="Filter" hash="62-5E-E8-13-57-67-E5-D8-E1-A1-FC-B1-B1-CF-9B-1F-03-B3-39-DE">
      <ModulePath>C:\Program Files\dotnet\shared\Microsoft.NETCore.App\1.0.1\System.Threading.Thread.dll</ModulePath>
      <ModuleTime>2016-08-27T01:53:30Z</ModuleTime>
      <ModuleName>System.Threading.Thread</ModuleName>
      <Classes />
    </Module>
    <Module skippedDueTo="Filter" hash="5C-26-45-EB-F0-85-FD-8B-3C-F3-0A-AD-E9-BF-23-EE-BE-F1-7A-E4">
      <ModulePath>C:\Program Files\dotnet\shared\Microsoft.NETCore.App\1.0.1\System.Linq.dll</ModulePath>
      <ModuleTime>2016-08-27T01:53:10Z</ModuleTime>
      <ModuleName>System.Linq</ModuleName>
      <Classes />
    </Module>
    <Module skippedDueTo="Filter" hash="35-B7-5E-78-A5-23-13-0C-69-BD-1C-61-5F-14-84-40-08-79-01-9C">
      <ModulePath>C:\Program Files\dotnet\shared\Microsoft.NETCore.App\1.0.1\System.Diagnostics.Process.dll</ModulePath>
      <ModuleTime>2016-08-27T01:53:30Z</ModuleTime>
      <ModuleName>System.Diagnostics.Process</ModuleName>
      <Classes />
    </Module>
    <Module skippedDueTo="Filter" hash="F9-6D-99-7D-7F-0B-C4-BF-0B-9A-E1-9B-49-9B-A9-95-32-9A-E0-BB">
      <ModulePath>C:\Program Files\dotnet\sdk\1.0.0-preview2-003133\Microsoft.DotNet.Configurer.dll</ModulePath>
      <ModuleTime>2016-09-20T04:17:32Z</ModuleTime>
      <ModuleName>Microsoft.DotNet.Configurer</ModuleName>
      <Classes />
    </Module>
    <Module skippedDueTo="Filter" hash="B1-AD-42-5A-FE-A9-74-79-38-5E-21-9F-3A-FF-30-B1-A4-EC-55-DD">
      <ModulePath>C:\Program Files\dotnet\sdk\1.0.0-preview2-003133\Microsoft.DotNet.ProjectModel.dll</ModulePath>
      <ModuleTime>2016-09-20T04:17:44Z</ModuleTime>
      <ModuleName>Microsoft.DotNet.ProjectModel</ModuleName>
      <Classes />
    </Module>
    <Module skippedDueTo="Filter" hash="75-11-1F-FA-49-48-37-C6-14-65-7F-A4-25-26-61-70-65-55-1D-AD">
      <ModulePath>C:\Program Files\dotnet\shared\Microsoft.NETCore.App\1.0.1\System.IO.dll</ModulePath>
      <ModuleTime>2016-08-27T01:53:30Z</ModuleTime>
      <ModuleName>System.IO</ModuleName>
      <Classes />
    </Module>
    <Module skippedDueTo="Filter" hash="07-C9-0A-B4-FC-51-56-BF-DC-18-8A-6A-DE-03-D4-20-2D-FE-C1-93">
      <ModulePath>C:\Program Files\dotnet\shared\Microsoft.NETCore.App\1.0.1\System.Threading.Tasks.dll</ModulePath>
      <ModuleTime>2016-08-27T01:53:10Z</ModuleTime>
      <ModuleName>System.Threading.Tasks</ModuleName>
      <Classes />
    </Module>
    <Module skippedDueTo="Filter" hash="8B-8C-36-C1-92-C2-BF-2F-9A-00-B6-FC-ED-BB-64-31-8F-AA-22-5C">
      <ModulePath>C:\Program Files\dotnet\shared\Microsoft.NETCore.App\1.0.1\System.Runtime.Handles.dll</ModulePath>
      <ModuleTime>2016-08-27T01:53:08Z</ModuleTime>
      <ModuleName>System.Runtime.Handles</ModuleName>
      <Classes />
    </Module>
    <Module skippedDueTo="Filter" hash="6D-6D-E8-10-5E-3D-2C-19-9C-84-FE-EF-2B-86-64-77-68-ED-00-EB">
      <ModulePath>C:\Program Files\dotnet\sdk\1.0.0-preview2-003133\NuGet.Frameworks.dll</ModulePath>
      <ModuleTime>2016-09-20T04:17:34Z</ModuleTime>
      <ModuleName>NuGet.Frameworks</ModuleName>
      <Classes />
    </Module>
    <Module skippedDueTo="Filter" hash="81-91-3C-21-05-6F-7E-B2-8F-B0-B1-BF-54-6A-A9-E7-BA-B9-9E-06">
      <ModulePath>C:\Program Files\dotnet\shared\Microsoft.NETCore.App\1.0.1\System.Diagnostics.StackTrace.dll</ModulePath>
      <ModuleTime>2016-08-27T01:53:30Z</ModuleTime>
      <ModuleName>System.Diagnostics.StackTrace</ModuleName>
      <Classes />
    </Module>
    <Module skippedDueTo="Filter" hash="A2-54-8E-53-C2-0A-A8-AC-AA-40-D1-9D-02-D4-A0-29-FB-47-E5-DC">
      <ModulePath>C:\Program Files\dotnet\shared\Microsoft.NETCore.App\1.0.1\System.Reflection.Metadata.dll</ModulePath>
      <ModuleTime>2016-08-27T01:53:04Z</ModuleTime>
      <ModuleName>System.Reflection.Metadata</ModuleName>
      <Classes />
    </Module>
    <Module skippedDueTo="Filter" hash="7E-17-56-E6-55-BA-A0-0D-CE-74-88-A2-D5-96-5B-4C-93-53-02-85">
      <ModulePath>C:\Program Files\dotnet\shared\Microsoft.NETCore.App\1.0.1\System.Collections.Immutable.dll</ModulePath>
      <ModuleTime>2016-08-27T01:53:30Z</ModuleTime>
      <ModuleName>System.Collections.Immutable</ModuleName>
      <Classes />
    </Module>
    <Module skippedDueTo="Filter" hash="E5-E8-27-B8-D0-26-50-90-41-10-BC-4D-5A-2D-13-69-E1-A5-1C-A9">
      <ModulePath>C:\Program Files\dotnet\shared\Microsoft.NETCore.App\1.0.1\System.IO.MemoryMappedFiles.dll</ModulePath>
      <ModuleTime>2016-08-27T01:53:08Z</ModuleTime>
      <ModuleName>System.IO.MemoryMappedFiles</ModuleName>
      <Classes />
    </Module>
    <Module skippedDueTo="Filter" hash="DA-9A-04-94-65-2E-04-3C-97-53-30-8B-4F-8B-A1-60-90-61-5F-80">
      <ModulePath>C:\Program Files\dotnet\shared\Microsoft.NETCore.App\1.0.1\System.IO.UnmanagedMemoryStream.dll</ModulePath>
      <ModuleTime>2016-08-27T01:53:10Z</ModuleTime>
      <ModuleName>System.IO.UnmanagedMemoryStream</ModuleName>
      <Classes />
    </Module>
    <Module skippedDueTo="Filter" hash="5E-87-81-F5-15-7C-EB-6F-DC-0F-02-24-30-57-05-B6-E1-13-12-1B">
      <ModulePath>C:\Program Files\dotnet\sdk\1.0.0-preview2-003133\runtimes\win\lib\netstandard1.3\System.Diagnostics.TraceSource.dll</ModulePath>
      <ModuleTime>2016-06-12T03:13:38Z</ModuleTime>
      <ModuleName>System.Diagnostics.TraceSource</ModuleName>
      <Classes />
    </Module>
    <Module skippedDueTo="Filter" hash="3D-5D-C2-57-44-19-68-D9-B5-0A-C7-AA-E0-47-94-F4-DB-62-B7-1B">
      <ModulePath>C:\Program Files\dotnet\sdk\1.0.0-preview2-003133\Microsoft.ApplicationInsights.dll</ModulePath>
      <ModuleTime>2016-09-20T04:17:34Z</ModuleTime>
      <ModuleName>Microsoft.ApplicationInsights</ModuleName>
      <Classes />
    </Module>
    <Module skippedDueTo="Filter" hash="20-C7-3B-FD-A7-ED-F6-B5-3A-80-BE-83-86-1F-78-28-FA-6E-05-2F">
      <ModulePath>C:\Program Files\dotnet\sdk\1.0.0-preview2-003133\NuGet.Versioning.dll</ModulePath>
      <ModuleTime>2016-09-20T04:17:48Z</ModuleTime>
      <ModuleName>NuGet.Versioning</ModuleName>
      <Classes />
    </Module>
    <Module skippedDueTo="Filter" hash="4F-E1-46-2F-E1-05-0F-67-25-78-6A-87-2C-04-7D-D4-83-3B-2A-5A">
      <ModulePath>C:\Program Files\dotnet\shared\Microsoft.NETCore.App\1.0.1\System.Xml.XDocument.dll</ModulePath>
      <ModuleTime>2016-08-27T01:53:08Z</ModuleTime>
      <ModuleName>System.Xml.XDocument</ModuleName>
      <Classes />
    </Module>
    <Module skippedDueTo="Filter" hash="59-AB-D4-25-6D-18-81-4D-B9-7F-DA-81-6C-A0-16-E5-F9-E3-F0-36">
      <ModulePath>C:\Program Files\dotnet\shared\Microsoft.NETCore.App\1.0.1\System.Diagnostics.Tracing.dll</ModulePath>
      <ModuleTime>2016-08-27T01:53:08Z</ModuleTime>
      <ModuleName>System.Diagnostics.Tracing</ModuleName>
      <Classes />
    </Module>
    <Module skippedDueTo="Filter" hash="77-8B-54-16-F2-88-D0-D3-5B-A1-52-F8-D3-1C-23-F5-BB-96-6D-6C">
      <ModulePath>C:\Program Files\dotnet\sdk\1.0.0-preview2-003133\Newtonsoft.Json.dll</ModulePath>
      <ModuleTime>2016-09-20T04:12:52Z</ModuleTime>
      <ModuleName>Newtonsoft.Json</ModuleName>
      <Classes />
    </Module>
    <Module skippedDueTo="Filter" hash="E7-30-19-87-96-79-E9-60-39-68-60-5C-F1-28-10-DF-70-1B-0D-DA">
      <ModulePath>C:\Program Files\dotnet\shared\Microsoft.NETCore.App\1.0.1\System.Private.Uri.dll</ModulePath>
      <ModuleTime>2016-08-27T01:53:30Z</ModuleTime>
      <ModuleName>System.Private.Uri</ModuleName>
      <Classes />
    </Module>
    <Module skippedDueTo="Filter" hash="50-EC-32-EC-53-BD-71-7F-2B-B5-04-27-24-C4-9B-BD-6A-88-BF-5E">
      <ModulePath>C:\Program Files\dotnet\shared\Microsoft.NETCore.App\1.0.1\System.Dynamic.Runtime.dll</ModulePath>
      <ModuleTime>2016-08-27T01:53:30Z</ModuleTime>
      <ModuleName>System.Dynamic.Runtime</ModuleName>
      <Classes />
    </Module>
    <Module skippedDueTo="Filter" hash="DC-E0-B6-05-97-63-6D-FE-C9-47-FA-5C-74-29-46-58-5C-67-4A-FB">
      <ModulePath>C:\Program Files\dotnet\shared\Microsoft.NETCore.App\1.0.1\System.Linq.Expressions.dll</ModulePath>
      <ModuleTime>2016-08-27T01:52:54Z</ModuleTime>
      <ModuleName>System.Linq.Expressions</ModuleName>
      <Classes />
    </Module>
    <Module skippedDueTo="Filter" hash="2D-16-E6-CC-26-04-02-E9-E5-3A-D2-E5-96-AF-C5-3E-14-42-C6-A3">
      <ModulePath>C:\Program Files\dotnet\shared\Microsoft.NETCore.App\1.0.1\System.ObjectModel.dll</ModulePath>
      <ModuleTime>2016-08-27T01:53:30Z</ModuleTime>
      <ModuleName>System.ObjectModel</ModuleName>
      <Classes />
    </Module>
    <Module skippedDueTo="Filter" hash="61-7B-0A-E5-94-FA-50-F8-00-10-6E-27-7B-B8-78-63-A8-CA-FD-E4">
      <ModulePath>C:\Program Files\dotnet\shared\Microsoft.NETCore.App\1.0.1\System.Globalization.dll</ModulePath>
      <ModuleTime>2016-08-27T01:53:08Z</ModuleTime>
      <ModuleName>System.Globalization</ModuleName>
      <Classes />
    </Module>
    <Module skippedDueTo="Filter" hash="03-CC-1B-AE-DF-7F-92-7C-29-A8-A8-17-19-F2-74-FB-D4-91-15-F2">
      <ModulePath>C:\Program Files\dotnet\shared\Microsoft.NETCore.App\1.0.1\System.Diagnostics.Tools.dll</ModulePath>
      <ModuleTime>2016-08-27T01:53:30Z</ModuleTime>
      <ModuleName>System.Diagnostics.Tools</ModuleName>
      <Classes />
    </Module>
    <Module skippedDueTo="Filter" hash="82-F7-D8-78-AF-9B-88-9F-77-90-33-30-1C-92-F5-23-38-DF-CC-7C">
      <ModulePath>C:\Program Files\dotnet\shared\Microsoft.NETCore.App\1.0.1\System.Diagnostics.Debug.dll</ModulePath>
      <ModuleTime>2016-08-27T01:53:30Z</ModuleTime>
      <ModuleName>System.Diagnostics.Debug</ModuleName>
      <Classes />
    </Module>
    <Module skippedDueTo="Filter" hash="01-AA-EB-9E-1E-20-53-33-17-6D-81-29-48-7A-4E-0B-AD-E0-AD-D4">
      <ModulePath>C:\Program Files\dotnet\shared\Microsoft.NETCore.App\1.0.1\System.IO.Compression.dll</ModulePath>
      <ModuleTime>2016-08-27T01:53:30Z</ModuleTime>
      <ModuleName>System.IO.Compression</ModuleName>
      <Classes />
    </Module>
    <Module skippedDueTo="Filter" hash="CD-70-90-F7-1A-93-14-B7-6D-43-71-F9-55-2B-96-29-76-7F-0C-2B">
      <ModulePath>C:\Program Files\dotnet\shared\Microsoft.NETCore.App\1.0.1\System.Text.Encoding.Extensions.dll</ModulePath>
      <ModuleTime>2016-08-27T01:53:30Z</ModuleTime>
      <ModuleName>System.Text.Encoding.Extensions</ModuleName>
      <Classes />
    </Module>
    <Module skippedDueTo="Filter" hash="CE-1D-26-19-D8-59-AA-47-1F-F5-EB-2E-40-1B-2D-7D-74-0D-C0-9C">
      <ModulePath>C:\Program Files\dotnet\shared\Microsoft.NETCore.App\1.0.1\System.Text.RegularExpressions.dll</ModulePath>
      <ModuleTime>2016-08-27T01:52:52Z</ModuleTime>
      <ModuleName>System.Text.RegularExpressions</ModuleName>
      <Classes />
    </Module>
    <Module skippedDueTo="Filter" hash="21-D8-7C-62-23-5F-32-D1-0C-A8-D3-AD-C8-BB-96-C0-0F-10-F7-D6">
      <ModulePath>C:\Program Files\dotnet\sdk\1.0.0-preview2-003133\NuGet.Packaging.Core.Types.dll</ModulePath>
      <ModuleTime>2016-09-20T04:17:30Z</ModuleTime>
      <ModuleName>NuGet.Packaging.Core.Types</ModuleName>
      <Classes />
    </Module>
    <Module skippedDueTo="Filter" hash="E5-D2-C8-29-E4-2B-0E-52-81-F5-08-7A-52-C2-EC-C7-44-B7-EA-59">
      <ModulePath>C:\Program Files\dotnet\sdk\1.0.0-preview2-003133\Microsoft.Extensions.DependencyModel.dll</ModulePath>
      <ModuleTime>2016-09-20T04:17:46Z</ModuleTime>
      <ModuleName>Microsoft.Extensions.DependencyModel</ModuleName>
      <Classes />
    </Module>
    <Module skippedDueTo="Filter" hash="52-F5-24-C3-A6-A1-98-77-16-73-73-E9-F2-F4-86-71-8B-48-F2-2B">
      <ModulePath>C:\Program Files\dotnet\shared\Microsoft.NETCore.App\1.0.1\System.Net.Http.dll</ModulePath>
      <ModuleTime>2016-08-27T01:53:30Z</ModuleTime>
      <ModuleName>System.Net.Http</ModuleName>
      <Classes />
    </Module>
    <Module skippedDueTo="Filter" hash="82-16-38-71-6E-30-61-F4-E5-BB-3E-19-C6-9F-1F-7C-59-8E-6C-17">
      <ModulePath>C:\Program Files\dotnet\shared\Microsoft.NETCore.App\1.0.1\System.Net.Primitives.dll</ModulePath>
      <ModuleTime>2016-08-27T01:53:02Z</ModuleTime>
      <ModuleName>System.Net.Primitives</ModuleName>
      <Classes />
    </Module>
    <Module skippedDueTo="Filter" hash="34-29-AA-E0-7B-39-BF-E1-2A-4E-3A-38-6B-45-B0-FD-04-CC-22-39">
      <ModulePath>C:\Program Files\dotnet\sdk\1.0.0-preview2-003133\NuGet.Packaging.dll</ModulePath>
      <ModuleTime>2016-09-20T04:17:30Z</ModuleTime>
      <ModuleName>NuGet.Packaging</ModuleName>
      <Classes />
    </Module>
    <Module skippedDueTo="Filter" hash="AE-CD-1B-19-F2-50-EC-DF-BC-2E-23-60-87-50-C0-09-96-26-AC-72">
      <ModulePath>C:\Program Files\dotnet\shared\Microsoft.NETCore.App\1.0.1\System.Diagnostics.DiagnosticSource.dll</ModulePath>
      <ModuleTime>2016-08-27T01:53:30Z</ModuleTime>
      <ModuleName>System.Diagnostics.DiagnosticSource</ModuleName>
      <Classes />
    </Module>
    <Module skippedDueTo="Filter" hash="3D-7D-18-AB-0F-C9-6F-29-86-66-EF-B0-28-7C-DD-E9-84-82-52-41">
      <ModulePath>C:\Program Files\dotnet\shared\Microsoft.NETCore.App\1.0.1\Microsoft.Win32.Primitives.dll</ModulePath>
      <ModuleTime>2016-08-27T01:53:02Z</ModuleTime>
      <ModuleName>Microsoft.Win32.Primitives</ModuleName>
      <Classes />
    </Module>
    <Module skippedDueTo="Filter" hash="A3-34-16-3F-05-2F-5A-16-D4-4A-98-9C-8B-ED-1C-E9-B0-D5-64-78">
      <ModulePath>C:\Program Files\dotnet\shared\Microsoft.NETCore.App\1.0.1\System.Security.Cryptography.X509Certificates.dll</ModulePath>
      <ModuleTime>2016-08-27T01:53:30Z</ModuleTime>
      <ModuleName>System.Security.Cryptography.X509Certificates</ModuleName>
      <Classes />
    </Module>
    <Module skippedDueTo="Filter" hash="6C-7D-26-C1-87-02-DE-55-F5-FF-8D-08-E8-A7-BD-F7-14-31-8A-58">
      <ModulePath>C:\Program Files\dotnet\sdk\1.0.0-preview2-003133\Microsoft.DotNet.Compiler.Common.dll</ModulePath>
      <ModuleTime>2016-09-20T04:17:46Z</ModuleTime>
      <ModuleName>Microsoft.DotNet.Compiler.Common</ModuleName>
      <Classes />
    </Module>
    <Module skippedDueTo="Filter" hash="6A-B3-5F-F7-C6-0A-7A-1C-55-8E-8E-D5-E8-38-4B-88-AD-16-34-73">
      <ModulePath>C:\Program Files\dotnet\shared\Microsoft.NETCore.App\1.0.1\System.Reflection.TypeExtensions.dll</ModulePath>
      <ModuleTime>2016-08-27T01:53:30Z</ModuleTime>
      <ModuleName>System.Reflection.TypeExtensions</ModuleName>
      <Classes />
    </Module>
    <Module skippedDueTo="Filter" hash="FD-AA-42-6B-58-41-67-E9-8D-CC-C7-5F-83-06-16-F9-6D-5D-08-5A">
      <ModulePath>C:\Program Files\dotnet\shared\Microsoft.NETCore.App\1.0.1\System.Console.dll</ModulePath>
      <ModuleTime>2016-08-27T01:53:10Z</ModuleTime>
      <ModuleName>System.Console</ModuleName>
      <Classes />
    </Module>
    <Module skippedDueTo="Filter" hash="58-7A-0F-34-97-99-7D-0A-D2-A7-AF-70-9F-53-19-CB-40-14-0F-0F">
      <ModulePath>C:\Program Files\dotnet\shared\Microsoft.NETCore.App\1.0.1\System.Security.Cryptography.Algorithms.dll</ModulePath>
      <ModuleTime>2016-08-27T01:53:30Z</ModuleTime>
      <ModuleName>System.Security.Cryptography.Algorithms</ModuleName>
      <Classes />
    </Module>
    <Module skippedDueTo="Filter" hash="E7-79-4B-C4-6F-F1-BC-BF-2B-02-CB-E7-73-56-48-F7-04-98-81-1C">
      <ModulePath>C:\Program Files\dotnet\shared\Microsoft.NETCore.App\1.0.1\System.Security.Cryptography.Primitives.dll</ModulePath>
      <ModuleTime>2016-08-27T01:53:08Z</ModuleTime>
      <ModuleName>System.Security.Cryptography.Primitives</ModuleName>
      <Classes />
    </Module>
    <Module skippedDueTo="Filter" hash="C6-F8-7E-D4-A9-13-49-6E-C5-5E-92-7A-3A-DC-2D-7E-AF-2E-93-8E">
      <ModulePath>C:\Program Files\dotnet\shared\Microsoft.NETCore.App\1.0.1\Microsoft.CodeAnalysis.dll</ModulePath>
      <ModuleTime>2016-08-27T01:53:12Z</ModuleTime>
      <ModuleName>Microsoft.CodeAnalysis</ModuleName>
      <Classes />
    </Module>
    <Module skippedDueTo="Filter" hash="88-3A-58-77-68-08-67-7C-C2-D1-46-14-ED-ED-77-35-4D-E6-E2-92">
      <ModulePath>C:\Program Files\dotnet\shared\Microsoft.NETCore.App\1.0.1\Microsoft.CodeAnalysis.CSharp.dll</ModulePath>
      <ModuleTime>2016-08-27T01:53:40Z</ModuleTime>
      <ModuleName>Microsoft.CodeAnalysis.CSharp</ModuleName>
      <Classes />
    </Module>
    <Module skippedDueTo="Filter" hash="84-B1-25-FD-4B-3D-82-9D-49-84-15-96-08-05-74-70-0A-BC-A0-5B">
      <ModulePath>C:\Program Files\dotnet\shared\Microsoft.NETCore.App\1.0.1\System.Resources.ResourceManager.dll</ModulePath>
      <ModuleTime>2016-08-27T01:53:30Z</ModuleTime>
      <ModuleName>System.Resources.ResourceManager</ModuleName>
      <Classes />
    </Module>
    <Module skippedDueTo="Filter" hash="6C-FE-0D-3C-1E-3A-EB-17-80-B8-BE-DF-22-9A-69-B4-93-DC-2F-25">
      <ModulePath>C:\Program Files\dotnet\shared\Microsoft.NETCore.App\1.0.1\System.AppContext.dll</ModulePath>
      <ModuleTime>2016-08-27T01:53:08Z</ModuleTime>
      <ModuleName>System.AppContext</ModuleName>
      <Classes />
    </Module>
    <Module skippedDueTo="Filter" hash="F0-0C-19-B6-D6-78-03-BA-8E-D7-D7-1F-A5-27-66-77-E0-58-DB-8F">
      <ModulePath>C:\Program Files\dotnet\shared\Microsoft.NETCore.App\1.0.1\System.Threading.ThreadPool.dll</ModulePath>
      <ModuleTime>2016-08-27T01:53:30Z</ModuleTime>
      <ModuleName>System.Threading.ThreadPool</ModuleName>
      <Classes />
    </Module>
    <Module skippedDueTo="Filter" hash="D0-A4-D4-93-45-8B-BB-09-03-04-B8-39-7E-0A-FE-93-61-75-BB-8F">
      <ModulePath>C:\Program Files\dotnet\shared\Microsoft.NETCore.App\1.0.1\System.Private.CoreLib.ni.dll</ModulePath>
      <ModuleTime>2016-08-27T01:53:48Z</ModuleTime>
      <ModuleName>System.Private.CoreLib</ModuleName>
      <Classes />
    </Module>
    <Module skippedDueTo="Filter" hash="AA-DC-1B-43-61-F8-C6-97-5B-12-8A-D2-CE-A7-1F-D9-95-46-9C-CB">
      <ModulePath>C:\Program Files\dotnet\sdk\1.0.0-preview2-003133\csc.dll</ModulePath>
      <ModuleTime>2016-09-20T04:17:34Z</ModuleTime>
      <ModuleName>csc</ModuleName>
      <Classes />
    </Module>
    <Module skippedDueTo="Filter" hash="C0-0B-47-30-F6-8C-22-2F-ED-1C-72-09-B4-F9-A9-04-FE-54-67-3E">
      <ModulePath>C:\Program Files\dotnet\shared\Microsoft.NETCore.App\1.0.1\System.Runtime.dll</ModulePath>
      <ModuleTime>2016-08-27T01:53:30Z</ModuleTime>
      <ModuleName>System.Runtime</ModuleName>
      <Classes />
    </Module>
    <Module skippedDueTo="Filter" hash="58-CB-A8-F0-EF-6E-BA-91-5C-7C-7A-4C-5B-58-A4-47-48-86-48-54">
      <ModulePath>C:\Program Files\dotnet\shared\Microsoft.NETCore.App\1.0.1\mscorlib.dll</ModulePath>
      <ModuleTime>2016-08-10T05:25:46Z</ModuleTime>
      <ModuleName>mscorlib</ModuleName>
      <Classes />
    </Module>
    <Module skippedDueTo="Filter" hash="88-3A-58-77-68-08-67-7C-C2-D1-46-14-ED-ED-77-35-4D-E6-E2-92">
      <ModulePath>C:\Program Files\dotnet\shared\Microsoft.NETCore.App\1.0.1\Microsoft.CodeAnalysis.CSharp.dll</ModulePath>
      <ModuleTime>2016-08-27T01:53:40Z</ModuleTime>
      <ModuleName>Microsoft.CodeAnalysis.CSharp</ModuleName>
      <Classes />
    </Module>
    <Module skippedDueTo="Filter" hash="C6-F8-7E-D4-A9-13-49-6E-C5-5E-92-7A-3A-DC-2D-7E-AF-2E-93-8E">
      <ModulePath>C:\Program Files\dotnet\shared\Microsoft.NETCore.App\1.0.1\Microsoft.CodeAnalysis.dll</ModulePath>
      <ModuleTime>2016-08-27T01:53:12Z</ModuleTime>
      <ModuleName>Microsoft.CodeAnalysis</ModuleName>
      <Classes />
    </Module>
    <Module skippedDueTo="Filter" hash="75-11-1F-FA-49-48-37-C6-14-65-7F-A4-25-26-61-70-65-55-1D-AD">
      <ModulePath>C:\Program Files\dotnet\shared\Microsoft.NETCore.App\1.0.1\System.IO.dll</ModulePath>
      <ModuleTime>2016-08-27T01:53:30Z</ModuleTime>
      <ModuleName>System.IO</ModuleName>
      <Classes />
    </Module>
    <Module skippedDueTo="Filter" hash="07-C9-0A-B4-FC-51-56-BF-DC-18-8A-6A-DE-03-D4-20-2D-FE-C1-93">
      <ModulePath>C:\Program Files\dotnet\shared\Microsoft.NETCore.App\1.0.1\System.Threading.Tasks.dll</ModulePath>
      <ModuleTime>2016-08-27T01:53:10Z</ModuleTime>
      <ModuleName>System.Threading.Tasks</ModuleName>
      <Classes />
    </Module>
    <Module skippedDueTo="Filter" hash="7E-17-56-E6-55-BA-A0-0D-CE-74-88-A2-D5-96-5B-4C-93-53-02-85">
      <ModulePath>C:\Program Files\dotnet\shared\Microsoft.NETCore.App\1.0.1\System.Collections.Immutable.dll</ModulePath>
      <ModuleTime>2016-08-27T01:53:30Z</ModuleTime>
      <ModuleName>System.Collections.Immutable</ModuleName>
      <Classes />
    </Module>
    <Module skippedDueTo="Filter" hash="8B-F8-CA-46-47-F7-F8-FC-B2-02-2C-B9-9C-04-F2-97-A4-C8-E8-4B">
      <ModulePath>C:\Program Files\dotnet\shared\Microsoft.NETCore.App\1.0.1\System.Collections.dll</ModulePath>
      <ModuleTime>2016-08-27T01:53:02Z</ModuleTime>
      <ModuleName>System.Collections</ModuleName>
      <Classes />
    </Module>
    <Module skippedDueTo="Filter" hash="6C-FE-0D-3C-1E-3A-EB-17-80-B8-BE-DF-22-9A-69-B4-93-DC-2F-25">
      <ModulePath>C:\Program Files\dotnet\shared\Microsoft.NETCore.App\1.0.1\System.AppContext.dll</ModulePath>
      <ModuleTime>2016-08-27T01:53:08Z</ModuleTime>
      <ModuleName>System.AppContext</ModuleName>
      <Classes />
    </Module>
    <Module skippedDueTo="Filter" hash="CE-C5-79-4A-B6-B2-88-E9-BD-31-CD-09-A3-AD-4F-A6-DD-8D-E8-F6">
      <ModulePath>C:\Program Files\dotnet\shared\Microsoft.NETCore.App\1.0.1\System.IO.FileSystem.dll</ModulePath>
      <ModuleTime>2016-08-27T01:53:10Z</ModuleTime>
      <ModuleName>System.IO.FileSystem</ModuleName>
      <Classes />
    </Module>
    <Module skippedDueTo="Filter" hash="B1-19-6F-4C-53-B3-76-17-64-29-F9-37-BA-6F-83-DA-58-6F-B6-B9">
      <ModulePath>C:\Program Files\dotnet\shared\Microsoft.NETCore.App\1.0.1\System.IO.FileSystem.Primitives.dll</ModulePath>
      <ModuleTime>2016-08-27T01:53:30Z</ModuleTime>
      <ModuleName>System.IO.FileSystem.Primitives</ModuleName>
      <Classes />
    </Module>
    <Module skippedDueTo="Filter" hash="5C-26-45-EB-F0-85-FD-8B-3C-F3-0A-AD-E9-BF-23-EE-BE-F1-7A-E4">
      <ModulePath>C:\Program Files\dotnet\shared\Microsoft.NETCore.App\1.0.1\System.Linq.dll</ModulePath>
      <ModuleTime>2016-08-27T01:53:10Z</ModuleTime>
      <ModuleName>System.Linq</ModuleName>
      <Classes />
    </Module>
    <Module skippedDueTo="Filter" hash="FD-AA-42-6B-58-41-67-E9-8D-CC-C7-5F-83-06-16-F9-6D-5D-08-5A">
      <ModulePath>C:\Program Files\dotnet\shared\Microsoft.NETCore.App\1.0.1\System.Console.dll</ModulePath>
      <ModuleTime>2016-08-27T01:53:10Z</ModuleTime>
      <ModuleName>System.Console</ModuleName>
      <Classes />
    </Module>
    <Module skippedDueTo="Filter" hash="1D-AC-DB-E8-D9-E7-17-83-EC-8B-C2-98-10-EE-6F-EA-80-45-48-DD">
      <ModulePath>C:\Program Files\dotnet\shared\Microsoft.NETCore.App\1.0.1\System.Threading.dll</ModulePath>
      <ModuleTime>2016-08-27T01:53:08Z</ModuleTime>
      <ModuleName>System.Threading</ModuleName>
      <Classes />
    </Module>
    <Module skippedDueTo="Filter" hash="1D-66-FA-DE-32-DB-6B-83-8C-03-3F-E3-92-AA-DF-91-67-A6-74-77">
      <ModulePath>C:\Program Files\dotnet\shared\Microsoft.NETCore.App\1.0.1\System.Text.Encoding.dll</ModulePath>
      <ModuleTime>2016-08-27T01:53:02Z</ModuleTime>
      <ModuleName>System.Text.Encoding</ModuleName>
      <Classes />
    </Module>
    <Module skippedDueTo="Filter" hash="CD-70-90-F7-1A-93-14-B7-6D-43-71-F9-55-2B-96-29-76-7F-0C-2B">
      <ModulePath>C:\Program Files\dotnet\shared\Microsoft.NETCore.App\1.0.1\System.Text.Encoding.Extensions.dll</ModulePath>
      <ModuleTime>2016-08-27T01:53:30Z</ModuleTime>
      <ModuleName>System.Text.Encoding.Extensions</ModuleName>
      <Classes />
    </Module>
    <Module skippedDueTo="Filter" hash="E4-24-68-CE-96-B4-7D-EC-13-BC-83-16-DC-7A-1B-17-2E-6B-CA-0D">
      <ModulePath>C:\Program Files\dotnet\shared\Microsoft.NETCore.App\1.0.1\System.Runtime.Extensions.dll</ModulePath>
      <ModuleTime>2016-08-27T01:53:30Z</ModuleTime>
      <ModuleName>System.Runtime.Extensions</ModuleName>
      <Classes />
    </Module>
    <Module skippedDueTo="Filter" hash="63-A7-F6-D4-3B-9C-64-D6-D6-2B-8D-7E-7E-1F-76-4A-F8-AD-F3-CD">
      <ModulePath>C:\Program Files\dotnet\shared\Microsoft.NETCore.App\1.0.1\System.Reflection.dll</ModulePath>
      <ModuleTime>2016-08-27T01:53:30Z</ModuleTime>
      <ModuleName>System.Reflection</ModuleName>
      <Classes />
    </Module>
    <Module skippedDueTo="Filter" hash="84-D9-70-F6-7C-DD-08-04-67-C9-FD-C9-F7-73-18-20-F5-D4-6B-21">
      <ModulePath>C:\Program Files\dotnet\shared\Microsoft.NETCore.App\1.0.1\System.Runtime.Loader.dll</ModulePath>
      <ModuleTime>2016-08-27T01:53:30Z</ModuleTime>
      <ModuleName>System.Runtime.Loader</ModuleName>
      <Classes />
    </Module>
    <Module skippedDueTo="Filter" hash="61-7B-0A-E5-94-FA-50-F8-00-10-6E-27-7B-B8-78-63-A8-CA-FD-E4">
      <ModulePath>C:\Program Files\dotnet\shared\Microsoft.NETCore.App\1.0.1\System.Globalization.dll</ModulePath>
      <ModuleTime>2016-08-27T01:53:08Z</ModuleTime>
      <ModuleName>System.Globalization</ModuleName>
      <Classes />
    </Module>
    <Module skippedDueTo="Filter" hash="A2-54-8E-53-C2-0A-A8-AC-AA-40-D1-9D-02-D4-A0-29-FB-47-E5-DC">
      <ModulePath>C:\Program Files\dotnet\shared\Microsoft.NETCore.App\1.0.1\System.Reflection.Metadata.dll</ModulePath>
      <ModuleTime>2016-08-27T01:53:04Z</ModuleTime>
      <ModuleName>System.Reflection.Metadata</ModuleName>
      <Classes />
    </Module>
    <Module skippedDueTo="Filter" hash="8B-8C-36-C1-92-C2-BF-2F-9A-00-B6-FC-ED-BB-64-31-8F-AA-22-5C">
      <ModulePath>C:\Program Files\dotnet\shared\Microsoft.NETCore.App\1.0.1\System.Runtime.Handles.dll</ModulePath>
      <ModuleTime>2016-08-27T01:53:08Z</ModuleTime>
      <ModuleName>System.Runtime.Handles</ModuleName>
      <Classes />
    </Module>
    <Module skippedDueTo="Filter" hash="62-5E-E8-13-57-67-E5-D8-E1-A1-FC-B1-B1-CF-9B-1F-03-B3-39-DE">
      <ModulePath>C:\Program Files\dotnet\shared\Microsoft.NETCore.App\1.0.1\System.Threading.Thread.dll</ModulePath>
      <ModuleTime>2016-08-27T01:53:30Z</ModuleTime>
      <ModuleName>System.Threading.Thread</ModuleName>
      <Classes />
    </Module>
    <Module skippedDueTo="Filter" hash="A2-B6-99-1B-DF-98-FE-50-F5-07-4F-EB-DB-45-C1-C0-75-63-5C-66">
      <ModulePath>C:\Program Files\dotnet\shared\Microsoft.NETCore.App\1.0.1\System.Threading.Tasks.Parallel.dll</ModulePath>
      <ModuleTime>2016-08-27T01:53:08Z</ModuleTime>
      <ModuleName>System.Threading.Tasks.Parallel</ModuleName>
      <Classes />
    </Module>
    <Module skippedDueTo="Filter" hash="59-AB-D4-25-6D-18-81-4D-B9-7F-DA-81-6C-A0-16-E5-F9-E3-F0-36">
      <ModulePath>C:\Program Files\dotnet\shared\Microsoft.NETCore.App\1.0.1\System.Diagnostics.Tracing.dll</ModulePath>
      <ModuleTime>2016-08-27T01:53:08Z</ModuleTime>
      <ModuleName>System.Diagnostics.Tracing</ModuleName>
      <Classes />
    </Module>
    <Module skippedDueTo="Filter" hash="C8-71-6E-F2-58-96-B6-33-3F-F6-50-7B-7B-9F-14-E9-03-42-A2-62">
      <ModulePath>C:\Program Files\dotnet\shared\Microsoft.NETCore.App\1.0.1\System.Collections.Concurrent.dll</ModulePath>
      <ModuleTime>2016-08-27T01:53:30Z</ModuleTime>
      <ModuleName>System.Collections.Concurrent</ModuleName>
      <Classes />
    </Module>
    <Module skippedDueTo="Filter" hash="81-91-3C-21-05-6F-7E-B2-8F-B0-B1-BF-54-6A-A9-E7-BA-B9-9E-06">
      <ModulePath>C:\Program Files\dotnet\shared\Microsoft.NETCore.App\1.0.1\System.Diagnostics.StackTrace.dll</ModulePath>
      <ModuleTime>2016-08-27T01:53:30Z</ModuleTime>
      <ModuleName>System.Diagnostics.StackTrace</ModuleName>
      <Classes />
    </Module>
    <Module skippedDueTo="Filter" hash="9A-99-D9-D4-11-D2-96-89-D0-1C-D3-AC-F5-6D-6A-6E-98-9B-BB-33">
      <ModulePath>C:\Program Files\dotnet\shared\Microsoft.NETCore.App\1.0.1\System.Runtime.InteropServices.dll</ModulePath>
      <ModuleTime>2016-08-27T01:53:08Z</ModuleTime>
      <ModuleName>System.Runtime.InteropServices</ModuleName>
      <Classes />
    </Module>
    <Module skippedDueTo="Filter" hash="E5-E8-27-B8-D0-26-50-90-41-10-BC-4D-5A-2D-13-69-E1-A5-1C-A9">
      <ModulePath>C:\Program Files\dotnet\shared\Microsoft.NETCore.App\1.0.1\System.IO.MemoryMappedFiles.dll</ModulePath>
      <ModuleTime>2016-08-27T01:53:08Z</ModuleTime>
      <ModuleName>System.IO.MemoryMappedFiles</ModuleName>
      <Classes />
    </Module>
    <Module skippedDueTo="Filter" hash="DA-9A-04-94-65-2E-04-3C-97-53-30-8B-4F-8B-A1-60-90-61-5F-80">
      <ModulePath>C:\Program Files\dotnet\shared\Microsoft.NETCore.App\1.0.1\System.IO.UnmanagedMemoryStream.dll</ModulePath>
      <ModuleTime>2016-08-27T01:53:10Z</ModuleTime>
      <ModuleName>System.IO.UnmanagedMemoryStream</ModuleName>
      <Classes />
    </Module>
    <Module skippedDueTo="Filter" hash="FC-B1-82-15-06-2C-0C-C2-87-74-15-D0-F9-D2-F0-F4-1B-3E-36-36">
      <ModulePath>C:\Program Files\dotnet\shared\Microsoft.NETCore.App\1.0.1\System.Reflection.Extensions.dll</ModulePath>
      <ModuleTime>2016-08-27T01:53:30Z</ModuleTime>
      <ModuleName>System.Reflection.Extensions</ModuleName>
      <Classes />
    </Module>
    <Module skippedDueTo="Filter" hash="8E-54-0A-D0-24-CD-6B-32-64-57-9C-3F-C6-52-82-F1-01-92-80-4E">
      <ModulePath>C:\Program Files\dotnet\shared\Microsoft.NETCore.App\1.0.1\System.Text.Encoding.CodePages.dll</ModulePath>
      <ModuleTime>2016-08-27T01:53:02Z</ModuleTime>
      <ModuleName>System.Text.Encoding.CodePages</ModuleName>
      <Classes />
    </Module>
    <Module skippedDueTo="Filter" hash="58-7A-0F-34-97-99-7D-0A-D2-A7-AF-70-9F-53-19-CB-40-14-0F-0F">
      <ModulePath>C:\Program Files\dotnet\shared\Microsoft.NETCore.App\1.0.1\System.Security.Cryptography.Algorithms.dll</ModulePath>
      <ModuleTime>2016-08-27T01:53:30Z</ModuleTime>
      <ModuleName>System.Security.Cryptography.Algorithms</ModuleName>
      <Classes />
    </Module>
    <Module skippedDueTo="Filter" hash="E7-79-4B-C4-6F-F1-BC-BF-2B-02-CB-E7-73-56-48-F7-04-98-81-1C">
      <ModulePath>C:\Program Files\dotnet\shared\Microsoft.NETCore.App\1.0.1\System.Security.Cryptography.Primitives.dll</ModulePath>
      <ModuleTime>2016-08-27T01:53:08Z</ModuleTime>
      <ModuleName>System.Security.Cryptography.Primitives</ModuleName>
      <Classes />
    </Module>
    <Module skippedDueTo="Filter" hash="50-EC-32-EC-53-BD-71-7F-2B-B5-04-27-24-C4-9B-BD-6A-88-BF-5E">
      <ModulePath>C:\Program Files\dotnet\shared\Microsoft.NETCore.App\1.0.1\System.Dynamic.Runtime.dll</ModulePath>
      <ModuleTime>2016-08-27T01:53:30Z</ModuleTime>
      <ModuleName>System.Dynamic.Runtime</ModuleName>
      <Classes />
    </Module>
    <Module skippedDueTo="Filter" hash="03-81-40-A2-9C-12-52-8C-EC-BC-CA-20-69-55-17-00-F1-4E-1A-E5">
      <ModulePath>C:\Program Files\dotnet\shared\Microsoft.NETCore.App\1.0.1\System.Reflection.Primitives.dll</ModulePath>
      <ModuleTime>2016-08-27T01:53:30Z</ModuleTime>
      <ModuleName>System.Reflection.Primitives</ModuleName>
      <Classes />
    </Module>
    <Module skippedDueTo="Filter" hash="BC-24-BF-31-F4-BB-09-3B-F6-31-27-25-5E-44-E4-A4-60-B5-CA-A5">
      <ModulePath>C:\Program Files\dotnet\shared\Microsoft.NETCore.App\1.0.1\System.Runtime.Numerics.dll</ModulePath>
      <ModuleTime>2016-08-27T01:53:30Z</ModuleTime>
      <ModuleName>System.Runtime.Numerics</ModuleName>
      <Classes />
    </Module>
    <Module skippedDueTo="Filter" hash="82-F7-D8-78-AF-9B-88-9F-77-90-33-30-1C-92-F5-23-38-DF-CC-7C">
      <ModulePath>C:\Program Files\dotnet\shared\Microsoft.NETCore.App\1.0.1\System.Diagnostics.Debug.dll</ModulePath>
      <ModuleTime>2016-08-27T01:53:30Z</ModuleTime>
      <ModuleName>System.Diagnostics.Debug</ModuleName>
      <Classes />
    </Module>
    <Module skippedDueTo="Filter" hash="93-1C-4F-14-07-76-08-6D-6B-0C-69-A8-DB-94-8B-12-34-3F-96-EF">
      <ModulePath>C:\Program Files\dotnet\sdk\1.0.0-preview2-003133\System.Runtime.Serialization.Primitives.dll</ModulePath>
      <ModuleTime>2016-09-20T04:17:30Z</ModuleTime>
      <ModuleName>System.Runtime.Serialization.Primitives</ModuleName>
      <Classes />
    </Module>
    <Module skippedDueTo="Filter" hash="C0-50-96-DB-1A-AE-5D-2F-14-17-B4-52-97-61-74-A2-16-74-4B-78">
      <ModulePath>C:\Program Files\dotnet\shared\Microsoft.NETCore.App\1.0.1\System.Xml.ReaderWriter.dll</ModulePath>
      <ModuleTime>2016-08-27T01:53:06Z</ModuleTime>
      <ModuleName>System.Xml.ReaderWriter</ModuleName>
      <Classes />
    </Module>
    <Module skippedDueTo="Filter" hash="A4-AD-3E-AA-80-FD-0E-DF-15-28-02-1D-53-44-2D-B2-05-E6-8D-EC">
      <ModulePath>C:\Program Files\dotnet\shared\Microsoft.NETCore.App\1.0.1\System.Reflection.Emit.ILGeneration.dll</ModulePath>
      <ModuleTime>2016-08-27T01:53:30Z</ModuleTime>
      <ModuleName>System.Reflection.Emit.ILGeneration</ModuleName>
      <Classes />
    </Module>
    <Module skippedDueTo="Filter" hash="03-81-40-A2-9C-12-52-8C-EC-BC-CA-20-69-55-17-00-F1-4E-1A-E5">
      <ModulePath>C:\Program Files\dotnet\shared\Microsoft.NETCore.App\1.0.1\System.Reflection.Primitives.dll</ModulePath>
      <ModuleTime>2016-08-27T01:53:30Z</ModuleTime>
      <ModuleName>System.Reflection.Primitives</ModuleName>
      <Classes />
    </Module>
    <Module skippedDueTo="Filter" hash="E7-A5-4C-04-19-12-71-51-33-C5-9A-E2-F1-0E-1E-FD-8F-23-74-A6">
      <ModulePath>C:\Program Files\dotnet\shared\Microsoft.NETCore.App\1.0.1\System.Reflection.Emit.Lightweight.dll</ModulePath>
      <ModuleTime>2016-08-27T01:53:10Z</ModuleTime>
      <ModuleName>System.Reflection.Emit.Lightweight</ModuleName>
      <Classes />
    </Module>
    <Module skippedDueTo="Filter" hash="">
      <ModulePath>RefEmit_InMemoryManifestModule</ModulePath>
      <ModuleTime>0001-01-01T00:00:00</ModuleTime>
      <ModuleName>Anonymously Hosted DynamicMethods Assembly</ModuleName>
      <Classes />
    </Module>
    <Module skippedDueTo="Filter" hash="D0-A4-D4-93-45-8B-BB-09-03-04-B8-39-7E-0A-FE-93-61-75-BB-8F">
      <ModulePath>C:\Program Files\dotnet\shared\Microsoft.NETCore.App\1.0.1\System.Private.CoreLib.ni.dll</ModulePath>
      <ModuleTime>2016-08-27T01:53:48Z</ModuleTime>
      <ModuleName>System.Private.CoreLib</ModuleName>
      <Classes />
    </Module>
    <Module skippedDueTo="Filter" hash="AA-DC-1B-43-61-F8-C6-97-5B-12-8A-D2-CE-A7-1F-D9-95-46-9C-CB">
      <ModulePath>C:\Program Files\dotnet\sdk\1.0.0-preview2-003133\csc.dll</ModulePath>
      <ModuleTime>2016-09-20T04:17:34Z</ModuleTime>
      <ModuleName>csc</ModuleName>
      <Classes />
    </Module>
    <Module skippedDueTo="Filter" hash="C0-0B-47-30-F6-8C-22-2F-ED-1C-72-09-B4-F9-A9-04-FE-54-67-3E">
      <ModulePath>C:\Program Files\dotnet\shared\Microsoft.NETCore.App\1.0.1\System.Runtime.dll</ModulePath>
      <ModuleTime>2016-08-27T01:53:30Z</ModuleTime>
      <ModuleName>System.Runtime</ModuleName>
      <Classes />
    </Module>
    <Module skippedDueTo="Filter" hash="58-CB-A8-F0-EF-6E-BA-91-5C-7C-7A-4C-5B-58-A4-47-48-86-48-54">
      <ModulePath>C:\Program Files\dotnet\shared\Microsoft.NETCore.App\1.0.1\mscorlib.dll</ModulePath>
      <ModuleTime>2016-08-10T05:25:46Z</ModuleTime>
      <ModuleName>mscorlib</ModuleName>
      <Classes />
    </Module>
    <Module skippedDueTo="Filter" hash="88-3A-58-77-68-08-67-7C-C2-D1-46-14-ED-ED-77-35-4D-E6-E2-92">
      <ModulePath>C:\Program Files\dotnet\shared\Microsoft.NETCore.App\1.0.1\Microsoft.CodeAnalysis.CSharp.dll</ModulePath>
      <ModuleTime>2016-08-27T01:53:40Z</ModuleTime>
      <ModuleName>Microsoft.CodeAnalysis.CSharp</ModuleName>
      <Classes />
    </Module>
    <Module skippedDueTo="Filter" hash="C6-F8-7E-D4-A9-13-49-6E-C5-5E-92-7A-3A-DC-2D-7E-AF-2E-93-8E">
      <ModulePath>C:\Program Files\dotnet\shared\Microsoft.NETCore.App\1.0.1\Microsoft.CodeAnalysis.dll</ModulePath>
      <ModuleTime>2016-08-27T01:53:12Z</ModuleTime>
      <ModuleName>Microsoft.CodeAnalysis</ModuleName>
      <Classes />
    </Module>
    <Module skippedDueTo="Filter" hash="75-11-1F-FA-49-48-37-C6-14-65-7F-A4-25-26-61-70-65-55-1D-AD">
      <ModulePath>C:\Program Files\dotnet\shared\Microsoft.NETCore.App\1.0.1\System.IO.dll</ModulePath>
      <ModuleTime>2016-08-27T01:53:30Z</ModuleTime>
      <ModuleName>System.IO</ModuleName>
      <Classes />
    </Module>
    <Module skippedDueTo="Filter" hash="07-C9-0A-B4-FC-51-56-BF-DC-18-8A-6A-DE-03-D4-20-2D-FE-C1-93">
      <ModulePath>C:\Program Files\dotnet\shared\Microsoft.NETCore.App\1.0.1\System.Threading.Tasks.dll</ModulePath>
      <ModuleTime>2016-08-27T01:53:10Z</ModuleTime>
      <ModuleName>System.Threading.Tasks</ModuleName>
      <Classes />
    </Module>
    <Module skippedDueTo="Filter" hash="7E-17-56-E6-55-BA-A0-0D-CE-74-88-A2-D5-96-5B-4C-93-53-02-85">
      <ModulePath>C:\Program Files\dotnet\shared\Microsoft.NETCore.App\1.0.1\System.Collections.Immutable.dll</ModulePath>
      <ModuleTime>2016-08-27T01:53:30Z</ModuleTime>
      <ModuleName>System.Collections.Immutable</ModuleName>
      <Classes />
    </Module>
    <Module skippedDueTo="Filter" hash="8B-F8-CA-46-47-F7-F8-FC-B2-02-2C-B9-9C-04-F2-97-A4-C8-E8-4B">
      <ModulePath>C:\Program Files\dotnet\shared\Microsoft.NETCore.App\1.0.1\System.Collections.dll</ModulePath>
      <ModuleTime>2016-08-27T01:53:02Z</ModuleTime>
      <ModuleName>System.Collections</ModuleName>
      <Classes />
    </Module>
    <Module skippedDueTo="Filter" hash="6C-FE-0D-3C-1E-3A-EB-17-80-B8-BE-DF-22-9A-69-B4-93-DC-2F-25">
      <ModulePath>C:\Program Files\dotnet\shared\Microsoft.NETCore.App\1.0.1\System.AppContext.dll</ModulePath>
      <ModuleTime>2016-08-27T01:53:08Z</ModuleTime>
      <ModuleName>System.AppContext</ModuleName>
      <Classes />
    </Module>
    <Module skippedDueTo="Filter" hash="CE-C5-79-4A-B6-B2-88-E9-BD-31-CD-09-A3-AD-4F-A6-DD-8D-E8-F6">
      <ModulePath>C:\Program Files\dotnet\shared\Microsoft.NETCore.App\1.0.1\System.IO.FileSystem.dll</ModulePath>
      <ModuleTime>2016-08-27T01:53:10Z</ModuleTime>
      <ModuleName>System.IO.FileSystem</ModuleName>
      <Classes />
    </Module>
    <Module skippedDueTo="Filter" hash="B1-19-6F-4C-53-B3-76-17-64-29-F9-37-BA-6F-83-DA-58-6F-B6-B9">
      <ModulePath>C:\Program Files\dotnet\shared\Microsoft.NETCore.App\1.0.1\System.IO.FileSystem.Primitives.dll</ModulePath>
      <ModuleTime>2016-08-27T01:53:30Z</ModuleTime>
      <ModuleName>System.IO.FileSystem.Primitives</ModuleName>
      <Classes />
    </Module>
    <Module skippedDueTo="Filter" hash="5C-26-45-EB-F0-85-FD-8B-3C-F3-0A-AD-E9-BF-23-EE-BE-F1-7A-E4">
      <ModulePath>C:\Program Files\dotnet\shared\Microsoft.NETCore.App\1.0.1\System.Linq.dll</ModulePath>
      <ModuleTime>2016-08-27T01:53:10Z</ModuleTime>
      <ModuleName>System.Linq</ModuleName>
      <Classes />
    </Module>
    <Module skippedDueTo="Filter" hash="FD-AA-42-6B-58-41-67-E9-8D-CC-C7-5F-83-06-16-F9-6D-5D-08-5A">
      <ModulePath>C:\Program Files\dotnet\shared\Microsoft.NETCore.App\1.0.1\System.Console.dll</ModulePath>
      <ModuleTime>2016-08-27T01:53:10Z</ModuleTime>
      <ModuleName>System.Console</ModuleName>
      <Classes />
    </Module>
    <Module skippedDueTo="Filter" hash="1D-AC-DB-E8-D9-E7-17-83-EC-8B-C2-98-10-EE-6F-EA-80-45-48-DD">
      <ModulePath>C:\Program Files\dotnet\shared\Microsoft.NETCore.App\1.0.1\System.Threading.dll</ModulePath>
      <ModuleTime>2016-08-27T01:53:08Z</ModuleTime>
      <ModuleName>System.Threading</ModuleName>
      <Classes />
    </Module>
    <Module skippedDueTo="Filter" hash="1D-66-FA-DE-32-DB-6B-83-8C-03-3F-E3-92-AA-DF-91-67-A6-74-77">
      <ModulePath>C:\Program Files\dotnet\shared\Microsoft.NETCore.App\1.0.1\System.Text.Encoding.dll</ModulePath>
      <ModuleTime>2016-08-27T01:53:02Z</ModuleTime>
      <ModuleName>System.Text.Encoding</ModuleName>
      <Classes />
    </Module>
    <Module skippedDueTo="Filter" hash="CD-70-90-F7-1A-93-14-B7-6D-43-71-F9-55-2B-96-29-76-7F-0C-2B">
      <ModulePath>C:\Program Files\dotnet\shared\Microsoft.NETCore.App\1.0.1\System.Text.Encoding.Extensions.dll</ModulePath>
      <ModuleTime>2016-08-27T01:53:30Z</ModuleTime>
      <ModuleName>System.Text.Encoding.Extensions</ModuleName>
      <Classes />
    </Module>
    <Module skippedDueTo="Filter" hash="E4-24-68-CE-96-B4-7D-EC-13-BC-83-16-DC-7A-1B-17-2E-6B-CA-0D">
      <ModulePath>C:\Program Files\dotnet\shared\Microsoft.NETCore.App\1.0.1\System.Runtime.Extensions.dll</ModulePath>
      <ModuleTime>2016-08-27T01:53:30Z</ModuleTime>
      <ModuleName>System.Runtime.Extensions</ModuleName>
      <Classes />
    </Module>
    <Module skippedDueTo="Filter" hash="63-A7-F6-D4-3B-9C-64-D6-D6-2B-8D-7E-7E-1F-76-4A-F8-AD-F3-CD">
      <ModulePath>C:\Program Files\dotnet\shared\Microsoft.NETCore.App\1.0.1\System.Reflection.dll</ModulePath>
      <ModuleTime>2016-08-27T01:53:30Z</ModuleTime>
      <ModuleName>System.Reflection</ModuleName>
      <Classes />
    </Module>
    <Module skippedDueTo="Filter" hash="84-D9-70-F6-7C-DD-08-04-67-C9-FD-C9-F7-73-18-20-F5-D4-6B-21">
      <ModulePath>C:\Program Files\dotnet\shared\Microsoft.NETCore.App\1.0.1\System.Runtime.Loader.dll</ModulePath>
      <ModuleTime>2016-08-27T01:53:30Z</ModuleTime>
      <ModuleName>System.Runtime.Loader</ModuleName>
      <Classes />
    </Module>
    <Module skippedDueTo="Filter" hash="61-7B-0A-E5-94-FA-50-F8-00-10-6E-27-7B-B8-78-63-A8-CA-FD-E4">
      <ModulePath>C:\Program Files\dotnet\shared\Microsoft.NETCore.App\1.0.1\System.Globalization.dll</ModulePath>
      <ModuleTime>2016-08-27T01:53:08Z</ModuleTime>
      <ModuleName>System.Globalization</ModuleName>
      <Classes />
    </Module>
    <Module skippedDueTo="Filter" hash="A2-54-8E-53-C2-0A-A8-AC-AA-40-D1-9D-02-D4-A0-29-FB-47-E5-DC">
      <ModulePath>C:\Program Files\dotnet\shared\Microsoft.NETCore.App\1.0.1\System.Reflection.Metadata.dll</ModulePath>
      <ModuleTime>2016-08-27T01:53:04Z</ModuleTime>
      <ModuleName>System.Reflection.Metadata</ModuleName>
      <Classes />
    </Module>
    <Module skippedDueTo="Filter" hash="8B-8C-36-C1-92-C2-BF-2F-9A-00-B6-FC-ED-BB-64-31-8F-AA-22-5C">
      <ModulePath>C:\Program Files\dotnet\shared\Microsoft.NETCore.App\1.0.1\System.Runtime.Handles.dll</ModulePath>
      <ModuleTime>2016-08-27T01:53:08Z</ModuleTime>
      <ModuleName>System.Runtime.Handles</ModuleName>
      <Classes />
    </Module>
    <Module skippedDueTo="Filter" hash="62-5E-E8-13-57-67-E5-D8-E1-A1-FC-B1-B1-CF-9B-1F-03-B3-39-DE">
      <ModulePath>C:\Program Files\dotnet\shared\Microsoft.NETCore.App\1.0.1\System.Threading.Thread.dll</ModulePath>
      <ModuleTime>2016-08-27T01:53:30Z</ModuleTime>
      <ModuleName>System.Threading.Thread</ModuleName>
      <Classes />
    </Module>
    <Module skippedDueTo="Filter" hash="A2-B6-99-1B-DF-98-FE-50-F5-07-4F-EB-DB-45-C1-C0-75-63-5C-66">
      <ModulePath>C:\Program Files\dotnet\shared\Microsoft.NETCore.App\1.0.1\System.Threading.Tasks.Parallel.dll</ModulePath>
      <ModuleTime>2016-08-27T01:53:08Z</ModuleTime>
      <ModuleName>System.Threading.Tasks.Parallel</ModuleName>
      <Classes />
    </Module>
    <Module skippedDueTo="Filter" hash="59-AB-D4-25-6D-18-81-4D-B9-7F-DA-81-6C-A0-16-E5-F9-E3-F0-36">
      <ModulePath>C:\Program Files\dotnet\shared\Microsoft.NETCore.App\1.0.1\System.Diagnostics.Tracing.dll</ModulePath>
      <ModuleTime>2016-08-27T01:53:08Z</ModuleTime>
      <ModuleName>System.Diagnostics.Tracing</ModuleName>
      <Classes />
    </Module>
    <Module skippedDueTo="Filter" hash="C8-71-6E-F2-58-96-B6-33-3F-F6-50-7B-7B-9F-14-E9-03-42-A2-62">
      <ModulePath>C:\Program Files\dotnet\shared\Microsoft.NETCore.App\1.0.1\System.Collections.Concurrent.dll</ModulePath>
      <ModuleTime>2016-08-27T01:53:30Z</ModuleTime>
      <ModuleName>System.Collections.Concurrent</ModuleName>
      <Classes />
    </Module>
    <Module skippedDueTo="Filter" hash="81-91-3C-21-05-6F-7E-B2-8F-B0-B1-BF-54-6A-A9-E7-BA-B9-9E-06">
      <ModulePath>C:\Program Files\dotnet\shared\Microsoft.NETCore.App\1.0.1\System.Diagnostics.StackTrace.dll</ModulePath>
      <ModuleTime>2016-08-27T01:53:30Z</ModuleTime>
      <ModuleName>System.Diagnostics.StackTrace</ModuleName>
      <Classes />
    </Module>
    <Module skippedDueTo="Filter" hash="9A-99-D9-D4-11-D2-96-89-D0-1C-D3-AC-F5-6D-6A-6E-98-9B-BB-33">
      <ModulePath>C:\Program Files\dotnet\shared\Microsoft.NETCore.App\1.0.1\System.Runtime.InteropServices.dll</ModulePath>
      <ModuleTime>2016-08-27T01:53:08Z</ModuleTime>
      <ModuleName>System.Runtime.InteropServices</ModuleName>
      <Classes />
    </Module>
    <Module skippedDueTo="Filter" hash="E5-E8-27-B8-D0-26-50-90-41-10-BC-4D-5A-2D-13-69-E1-A5-1C-A9">
      <ModulePath>C:\Program Files\dotnet\shared\Microsoft.NETCore.App\1.0.1\System.IO.MemoryMappedFiles.dll</ModulePath>
      <ModuleTime>2016-08-27T01:53:08Z</ModuleTime>
      <ModuleName>System.IO.MemoryMappedFiles</ModuleName>
      <Classes />
    </Module>
    <Module skippedDueTo="Filter" hash="DA-9A-04-94-65-2E-04-3C-97-53-30-8B-4F-8B-A1-60-90-61-5F-80">
      <ModulePath>C:\Program Files\dotnet\shared\Microsoft.NETCore.App\1.0.1\System.IO.UnmanagedMemoryStream.dll</ModulePath>
      <ModuleTime>2016-08-27T01:53:10Z</ModuleTime>
      <ModuleName>System.IO.UnmanagedMemoryStream</ModuleName>
      <Classes />
    </Module>
    <Module skippedDueTo="Filter" hash="FC-B1-82-15-06-2C-0C-C2-87-74-15-D0-F9-D2-F0-F4-1B-3E-36-36">
      <ModulePath>C:\Program Files\dotnet\shared\Microsoft.NETCore.App\1.0.1\System.Reflection.Extensions.dll</ModulePath>
      <ModuleTime>2016-08-27T01:53:30Z</ModuleTime>
      <ModuleName>System.Reflection.Extensions</ModuleName>
      <Classes />
    </Module>
    <Module skippedDueTo="Filter" hash="8E-54-0A-D0-24-CD-6B-32-64-57-9C-3F-C6-52-82-F1-01-92-80-4E">
      <ModulePath>C:\Program Files\dotnet\shared\Microsoft.NETCore.App\1.0.1\System.Text.Encoding.CodePages.dll</ModulePath>
      <ModuleTime>2016-08-27T01:53:02Z</ModuleTime>
      <ModuleName>System.Text.Encoding.CodePages</ModuleName>
      <Classes />
    </Module>
    <Module skippedDueTo="Filter" hash="58-7A-0F-34-97-99-7D-0A-D2-A7-AF-70-9F-53-19-CB-40-14-0F-0F">
      <ModulePath>C:\Program Files\dotnet\shared\Microsoft.NETCore.App\1.0.1\System.Security.Cryptography.Algorithms.dll</ModulePath>
      <ModuleTime>2016-08-27T01:53:30Z</ModuleTime>
      <ModuleName>System.Security.Cryptography.Algorithms</ModuleName>
      <Classes />
    </Module>
    <Module skippedDueTo="Filter" hash="E7-79-4B-C4-6F-F1-BC-BF-2B-02-CB-E7-73-56-48-F7-04-98-81-1C">
      <ModulePath>C:\Program Files\dotnet\shared\Microsoft.NETCore.App\1.0.1\System.Security.Cryptography.Primitives.dll</ModulePath>
      <ModuleTime>2016-08-27T01:53:08Z</ModuleTime>
      <ModuleName>System.Security.Cryptography.Primitives</ModuleName>
      <Classes />
    </Module>
    <Module skippedDueTo="Filter" hash="50-EC-32-EC-53-BD-71-7F-2B-B5-04-27-24-C4-9B-BD-6A-88-BF-5E">
      <ModulePath>C:\Program Files\dotnet\shared\Microsoft.NETCore.App\1.0.1\System.Dynamic.Runtime.dll</ModulePath>
      <ModuleTime>2016-08-27T01:53:30Z</ModuleTime>
      <ModuleName>System.Dynamic.Runtime</ModuleName>
      <Classes />
    </Module>
    <Module skippedDueTo="Filter" hash="03-81-40-A2-9C-12-52-8C-EC-BC-CA-20-69-55-17-00-F1-4E-1A-E5">
      <ModulePath>C:\Program Files\dotnet\shared\Microsoft.NETCore.App\1.0.1\System.Reflection.Primitives.dll</ModulePath>
      <ModuleTime>2016-08-27T01:53:30Z</ModuleTime>
      <ModuleName>System.Reflection.Primitives</ModuleName>
      <Classes />
    </Module>
    <Module skippedDueTo="Filter" hash="BC-24-BF-31-F4-BB-09-3B-F6-31-27-25-5E-44-E4-A4-60-B5-CA-A5">
      <ModulePath>C:\Program Files\dotnet\shared\Microsoft.NETCore.App\1.0.1\System.Runtime.Numerics.dll</ModulePath>
      <ModuleTime>2016-08-27T01:53:30Z</ModuleTime>
      <ModuleName>System.Runtime.Numerics</ModuleName>
      <Classes />
    </Module>
    <Module skippedDueTo="Filter" hash="84-B1-25-FD-4B-3D-82-9D-49-84-15-96-08-05-74-70-0A-BC-A0-5B">
      <ModulePath>C:\Program Files\dotnet\shared\Microsoft.NETCore.App\1.0.1\System.Resources.ResourceManager.dll</ModulePath>
      <ModuleTime>2016-08-27T01:53:30Z</ModuleTime>
      <ModuleName>System.Resources.ResourceManager</ModuleName>
      <Classes />
    </Module>
    <Module skippedDueTo="Filter" hash="0D-C2-14-A5-A5-F1-B2-D6-A2-E4-D6-FB-34-A7-A9-AE-0E-90-2A-BF">
      <ModulePath>C:\Program Files\dotnet\sdk\1.0.0-preview2-003133\Microsoft.DotNet.Files.dll</ModulePath>
      <ModuleTime>2016-09-20T04:17:30Z</ModuleTime>
      <ModuleName>Microsoft.DotNet.Files</ModuleName>
      <Classes />
    </Module>
    <Module skippedDueTo="Filter" hash="D0-A4-D4-93-45-8B-BB-09-03-04-B8-39-7E-0A-FE-93-61-75-BB-8F">
      <ModulePath>C:\Program Files\dotnet\shared\Microsoft.NETCore.App\1.0.1\System.Private.CoreLib.ni.dll</ModulePath>
      <ModuleTime>2016-08-27T01:53:48Z</ModuleTime>
      <ModuleName>System.Private.CoreLib</ModuleName>
      <Classes />
    </Module>
    <Module skippedDueTo="Filter" hash="B6-1C-A2-3C-35-E0-C3-0D-41-97-34-89-67-64-E9-B0-CC-19-D4-D1">
      <ModulePath>C:\Users\learnb\.nuget\packages\dotnet-test-xunit\2.2.0-preview2-build1029\lib\netcoreapp1.0\dotnet-test-xunit.dll</ModulePath>
      <ModuleTime>2016-06-27T15:17:06Z</ModuleTime>
      <ModuleName>dotnet-test-xunit</ModuleName>
      <Classes />
    </Module>
    <Module skippedDueTo="Filter" hash="C0-0B-47-30-F6-8C-22-2F-ED-1C-72-09-B4-F9-A9-04-FE-54-67-3E">
      <ModulePath>C:\Program Files\dotnet\shared\Microsoft.NETCore.App\1.0.1\System.Runtime.dll</ModulePath>
      <ModuleTime>2016-08-27T01:53:30Z</ModuleTime>
      <ModuleName>System.Runtime</ModuleName>
      <Classes />
    </Module>
    <Module skippedDueTo="Filter" hash="58-CB-A8-F0-EF-6E-BA-91-5C-7C-7A-4C-5B-58-A4-47-48-86-48-54">
      <ModulePath>C:\Program Files\dotnet\shared\Microsoft.NETCore.App\1.0.1\mscorlib.dll</ModulePath>
      <ModuleTime>2016-08-10T05:25:46Z</ModuleTime>
      <ModuleName>mscorlib</ModuleName>
      <Classes />
    </Module>
    <Module skippedDueTo="Filter" hash="C8-71-6E-F2-58-96-B6-33-3F-F6-50-7B-7B-9F-14-E9-03-42-A2-62">
      <ModulePath>C:\Program Files\dotnet\shared\Microsoft.NETCore.App\1.0.1\System.Collections.Concurrent.dll</ModulePath>
      <ModuleTime>2016-08-27T01:53:30Z</ModuleTime>
      <ModuleName>System.Collections.Concurrent</ModuleName>
      <Classes />
    </Module>
    <Module skippedDueTo="Filter" hash="0D-B4-16-CD-80-CA-3A-20-C6-4B-7F-5F-5E-5A-C3-B6-18-CA-C7-72">
      <ModulePath>C:\Users\learnb\.nuget\packages\xunit.runner.utility\2.2.0-beta2-build3300\lib\netstandard1.1\xunit.runner.utility.dotnet.dll</ModulePath>
      <ModuleTime>2016-06-27T13:43:52Z</ModuleTime>
      <ModuleName>xunit.runner.utility.dotnet</ModuleName>
      <Classes />
    </Module>
    <Module skippedDueTo="Filter" hash="E4-24-68-CE-96-B4-7D-EC-13-BC-83-16-DC-7A-1B-17-2E-6B-CA-0D">
      <ModulePath>C:\Program Files\dotnet\shared\Microsoft.NETCore.App\1.0.1\System.Runtime.Extensions.dll</ModulePath>
      <ModuleTime>2016-08-27T01:53:30Z</ModuleTime>
      <ModuleName>System.Runtime.Extensions</ModuleName>
      <Classes />
    </Module>
    <Module skippedDueTo="Filter" hash="8B-F8-CA-46-47-F7-F8-FC-B2-02-2C-B9-9C-04-F2-97-A4-C8-E8-4B">
      <ModulePath>C:\Program Files\dotnet\shared\Microsoft.NETCore.App\1.0.1\System.Collections.dll</ModulePath>
      <ModuleTime>2016-08-27T01:53:02Z</ModuleTime>
      <ModuleName>System.Collections</ModuleName>
      <Classes />
    </Module>
    <Module skippedDueTo="Filter" hash="5C-26-45-EB-F0-85-FD-8B-3C-F3-0A-AD-E9-BF-23-EE-BE-F1-7A-E4">
      <ModulePath>C:\Program Files\dotnet\shared\Microsoft.NETCore.App\1.0.1\System.Linq.dll</ModulePath>
      <ModuleTime>2016-08-27T01:53:10Z</ModuleTime>
      <ModuleName>System.Linq</ModuleName>
      <Classes />
    </Module>
    <Module skippedDueTo="Filter" hash="0D-93-02-F5-BA-A6-97-B2-1E-7D-A1-81-8A-4F-5F-B9-97-BB-A9-BC">
      <ModulePath>C:\Users\learnb\.nuget\packages\xunit.abstractions\2.0.1\lib\netstandard1.0\xunit.abstractions.dll</ModulePath>
      <ModuleTime>2016-08-09T12:37:58Z</ModuleTime>
      <ModuleName>xunit.abstractions</ModuleName>
      <Classes />
    </Module>
    <Module skippedDueTo="Filter" hash="6C-5B-46-A1-FC-88-77-25-72-25-0D-6A-D5-3B-AD-94-04-88-36-CF">
      <ModulePath>C:\Program Files\dotnet\shared\Microsoft.NETCore.App\1.0.1\System.Net.Sockets.dll</ModulePath>
      <ModuleTime>2016-08-27T01:53:08Z</ModuleTime>
      <ModuleName>System.Net.Sockets</ModuleName>
      <Classes />
    </Module>
    <Module skippedDueTo="Filter" hash="82-16-38-71-6E-30-61-F4-E5-BB-3E-19-C6-9F-1F-7C-59-8E-6C-17">
      <ModulePath>C:\Program Files\dotnet\shared\Microsoft.NETCore.App\1.0.1\System.Net.Primitives.dll</ModulePath>
      <ModuleTime>2016-08-27T01:53:02Z</ModuleTime>
      <ModuleName>System.Net.Primitives</ModuleName>
      <Classes />
    </Module>
    <Module skippedDueTo="Filter" hash="75-11-1F-FA-49-48-37-C6-14-65-7F-A4-25-26-61-70-65-55-1D-AD">
      <ModulePath>C:\Program Files\dotnet\shared\Microsoft.NETCore.App\1.0.1\System.IO.dll</ModulePath>
      <ModuleTime>2016-08-27T01:53:30Z</ModuleTime>
      <ModuleName>System.IO</ModuleName>
      <Classes />
    </Module>
    <Module skippedDueTo="Filter" hash="07-C9-0A-B4-FC-51-56-BF-DC-18-8A-6A-DE-03-D4-20-2D-FE-C1-93">
      <ModulePath>C:\Program Files\dotnet\shared\Microsoft.NETCore.App\1.0.1\System.Threading.Tasks.dll</ModulePath>
      <ModuleTime>2016-08-27T01:53:10Z</ModuleTime>
      <ModuleName>System.Threading.Tasks</ModuleName>
      <Classes />
    </Module>
    <Module skippedDueTo="Filter" hash="6E-D2-1C-DF-16-FD-F4-77-A8-A9-B0-11-F9-69-BA-44-75-21-50-A4">
      <ModulePath>C:\Users\learnb\.nuget\packages\Microsoft.Extensions.Testing.Abstractions\1.0.0-preview2-003121\lib\netstandard1.6\Microsoft.Extensions.Testing.Abstractions.dll</ModulePath>
      <ModuleTime>2016-06-22T01:04:56Z</ModuleTime>
      <ModuleName>Microsoft.Extensions.Testing.Abstractions</ModuleName>
      <Classes />
    </Module>
    <Module skippedDueTo="Filter" hash="53-D0-A3-B9-10-36-09-21-32-F4-D0-88-75-00-B5-DC-77-89-1D-78">
      <ModulePath>C:\Users\learnb\.nuget\packages\Newtonsoft.Json\9.0.1\lib\netstandard1.0\Newtonsoft.Json.dll</ModulePath>
      <ModuleTime>2016-06-14T03:06:14Z</ModuleTime>
      <ModuleName>Newtonsoft.Json</ModuleName>
      <Classes />
    </Module>
    <Module skippedDueTo="Filter" hash="50-EC-32-EC-53-BD-71-7F-2B-B5-04-27-24-C4-9B-BD-6A-88-BF-5E">
      <ModulePath>C:\Program Files\dotnet\shared\Microsoft.NETCore.App\1.0.1\System.Dynamic.Runtime.dll</ModulePath>
      <ModuleTime>2016-08-27T01:53:30Z</ModuleTime>
      <ModuleName>System.Dynamic.Runtime</ModuleName>
      <Classes />
    </Module>
    <Module skippedDueTo="Filter" hash="DC-E0-B6-05-97-63-6D-FE-C9-47-FA-5C-74-29-46-58-5C-67-4A-FB">
      <ModulePath>C:\Program Files\dotnet\shared\Microsoft.NETCore.App\1.0.1\System.Linq.Expressions.dll</ModulePath>
      <ModuleTime>2016-08-27T01:52:54Z</ModuleTime>
      <ModuleName>System.Linq.Expressions</ModuleName>
      <Classes />
    </Module>
    <Module skippedDueTo="Filter" hash="FD-AA-42-6B-58-41-67-E9-8D-CC-C7-5F-83-06-16-F9-6D-5D-08-5A">
      <ModulePath>C:\Program Files\dotnet\shared\Microsoft.NETCore.App\1.0.1\System.Console.dll</ModulePath>
      <ModuleTime>2016-08-27T01:53:10Z</ModuleTime>
      <ModuleName>System.Console</ModuleName>
      <Classes />
    </Module>
    <Module skippedDueTo="Filter" hash="63-A7-F6-D4-3B-9C-64-D6-D6-2B-8D-7E-7E-1F-76-4A-F8-AD-F3-CD">
      <ModulePath>C:\Program Files\dotnet\shared\Microsoft.NETCore.App\1.0.1\System.Reflection.dll</ModulePath>
      <ModuleTime>2016-08-27T01:53:30Z</ModuleTime>
      <ModuleName>System.Reflection</ModuleName>
      <Classes />
    </Module>
    <Module skippedDueTo="Filter" hash="90-A1-32-5A-25-BA-D7-CA-88-B8-03-05-59-9F-90-27-98-1C-90-0B">
      <ModulePath>C:\Users\learnb\.nuget\packages\Microsoft.Extensions.DependencyModel\1.0.0\lib\netstandard1.6\Microsoft.Extensions.DependencyModel.dll</ModulePath>
      <ModuleTime>2016-06-22T01:04:56Z</ModuleTime>
      <ModuleName>Microsoft.Extensions.DependencyModel</ModuleName>
      <Classes />
    </Module>
    <Module skippedDueTo="Filter" hash="8F-8D-4C-9A-0B-1F-70-0B-C2-AD-81-34-B3-20-0C-E0-68-3E-95-B9">
      <ModulePath>C:\Users\learnb\.nuget\packages\Microsoft.DotNet.InternalAbstractions\1.0.0\lib\netstandard1.3\Microsoft.DotNet.InternalAbstractions.dll</ModulePath>
      <ModuleTime>2016-06-22T01:04:54Z</ModuleTime>
      <ModuleName>Microsoft.DotNet.InternalAbstractions</ModuleName>
      <Classes />
    </Module>
    <Module skippedDueTo="Filter" hash="6C-FE-0D-3C-1E-3A-EB-17-80-B8-BE-DF-22-9A-69-B4-93-DC-2F-25">
      <ModulePath>C:\Program Files\dotnet\shared\Microsoft.NETCore.App\1.0.1\System.AppContext.dll</ModulePath>
      <ModuleTime>2016-08-27T01:53:08Z</ModuleTime>
      <ModuleName>System.AppContext</ModuleName>
      <Classes />
    </Module>
    <Module skippedDueTo="Filter" hash="B1-19-6F-4C-53-B3-76-17-64-29-F9-37-BA-6F-83-DA-58-6F-B6-B9">
      <ModulePath>C:\Program Files\dotnet\shared\Microsoft.NETCore.App\1.0.1\System.IO.FileSystem.Primitives.dll</ModulePath>
      <ModuleTime>2016-08-27T01:53:30Z</ModuleTime>
      <ModuleName>System.IO.FileSystem.Primitives</ModuleName>
      <Classes />
    </Module>
    <Module skippedDueTo="Filter" hash="CE-C5-79-4A-B6-B2-88-E9-BD-31-CD-09-A3-AD-4F-A6-DD-8D-E8-F6">
      <ModulePath>C:\Program Files\dotnet\shared\Microsoft.NETCore.App\1.0.1\System.IO.FileSystem.dll</ModulePath>
      <ModuleTime>2016-08-27T01:53:10Z</ModuleTime>
      <ModuleName>System.IO.FileSystem</ModuleName>
      <Classes />
    </Module>
    <Module skippedDueTo="Filter" hash="8B-8C-36-C1-92-C2-BF-2F-9A-00-B6-FC-ED-BB-64-31-8F-AA-22-5C">
      <ModulePath>C:\Program Files\dotnet\shared\Microsoft.NETCore.App\1.0.1\System.Runtime.Handles.dll</ModulePath>
      <ModuleTime>2016-08-27T01:53:08Z</ModuleTime>
      <ModuleName>System.Runtime.Handles</ModuleName>
      <Classes />
    </Module>
    <Module skippedDueTo="Filter" hash="2D-16-E6-CC-26-04-02-E9-E5-3A-D2-E5-96-AF-C5-3E-14-42-C6-A3">
      <ModulePath>C:\Program Files\dotnet\shared\Microsoft.NETCore.App\1.0.1\System.ObjectModel.dll</ModulePath>
      <ModuleTime>2016-08-27T01:53:30Z</ModuleTime>
      <ModuleName>System.ObjectModel</ModuleName>
      <Classes />
    </Module>
    <Module skippedDueTo="Filter" hash="61-7B-0A-E5-94-FA-50-F8-00-10-6E-27-7B-B8-78-63-A8-CA-FD-E4">
      <ModulePath>C:\Program Files\dotnet\shared\Microsoft.NETCore.App\1.0.1\System.Globalization.dll</ModulePath>
      <ModuleTime>2016-08-27T01:53:08Z</ModuleTime>
      <ModuleName>System.Globalization</ModuleName>
      <Classes />
    </Module>
    <Module skippedDueTo="Filter" hash="E7-30-19-87-96-79-E9-60-39-68-60-5C-F1-28-10-DF-70-1B-0D-DA">
      <ModulePath>C:\Program Files\dotnet\shared\Microsoft.NETCore.App\1.0.1\System.Private.Uri.dll</ModulePath>
      <ModuleTime>2016-08-27T01:53:30Z</ModuleTime>
      <ModuleName>System.Private.Uri</ModuleName>
      <Classes />
    </Module>
    <Module skippedDueTo="Filter" hash="08-37-A8-B7-56-D8-4E-E3-75-19-AE-20-DD-5D-7E-CE-BF-6F-F4-BA">
      <ModulePath>C:\Program Files\dotnet\shared\Microsoft.NETCore.App\1.0.1\System.Runtime.InteropServices.RuntimeInformation.dll</ModulePath>
      <ModuleTime>2016-08-27T01:53:08Z</ModuleTime>
      <ModuleName>System.Runtime.InteropServices.RuntimeInformation</ModuleName>
      <Classes />
    </Module>
    <Module skippedDueTo="Filter" hash="9A-99-D9-D4-11-D2-96-89-D0-1C-D3-AC-F5-6D-6A-6E-98-9B-BB-33">
      <ModulePath>C:\Program Files\dotnet\shared\Microsoft.NETCore.App\1.0.1\System.Runtime.InteropServices.dll</ModulePath>
      <ModuleTime>2016-08-27T01:53:08Z</ModuleTime>
      <ModuleName>System.Runtime.InteropServices</ModuleName>
      <Classes />
    </Module>
    <Module skippedDueTo="Filter" hash="24-2F-90-4E-29-E0-7F-80-8B-B7-9B-A3-64-2F-0E-74-5B-8F-A5-76">
      <ModulePath>c:\blairgit\sitewide-search-api\test\NCI.OCPL.Api.SiteWideSearch.Tests\bin\Debug\netcoreapp1.0\NCI.OCPL.Api.SiteWideSearch.Tests.dll</ModulePath>
      <ModuleTime>2016-12-14T21:58:11.5501172Z</ModuleTime>
      <ModuleName>NCI.OCPL.Api.SiteWideSearch.Tests</ModuleName>
      <Classes />
    </Module>
    <Module skippedDueTo="Filter" hash="8A-8D-6F-D4-6B-2B-7F-D4-F6-49-30-07-7A-5D-7C-57-50-02-B0-24">
      <ModulePath>C:\Users\learnb\.nuget\packages\Microsoft.Extensions.Logging.Abstractions\1.0.0\lib\netstandard1.1\Microsoft.Extensions.Logging.Abstractions.dll</ModulePath>
      <ModuleTime>2016-06-22T13:14:56Z</ModuleTime>
      <ModuleName>Microsoft.Extensions.Logging.Abstractions</ModuleName>
      <Classes />
    </Module>
    <Module skippedDueTo="Filter" hash="B1-F0-71-9A-AC-86-84-FB-B9-5A-65-5B-35-41-CD-AE-33-C4-BC-BB">
      <ModulePath>C:\Users\learnb\.nuget\packages\NEST\2.4.6\lib\netstandard1.3\Nest.dll</ModulePath>
      <ModuleTime>2016-09-23T16:40:24Z</ModuleTime>
      <ModuleName>Nest</ModuleName>
      <Classes />
    </Module>
    <Module skippedDueTo="Filter" hash="67-6F-09-FA-91-68-4F-B3-6C-F4-F1-93-B0-ED-B5-E8-B0-8B-2F-A8">
      <ModulePath>C:\Users\learnb\.nuget\packages\Elasticsearch.Net\2.4.6\lib\netstandard1.3\Elasticsearch.Net.dll</ModulePath>
      <ModuleTime>2016-09-23T16:40:22Z</ModuleTime>
      <ModuleName>Elasticsearch.Net</ModuleName>
      <Classes />
    </Module>
    <Module skippedDueTo="Filter" hash="09-02-FB-DD-A5-40-23-78-55-7A-08-F6-4D-B4-26-8C-D4-5D-A0-19">
      <ModulePath>C:\Users\learnb\.nuget\packages\Castle.Core\4.0.0-beta001\lib\netstandard1.3\Castle.Core.dll</ModulePath>
      <ModuleTime>2016-07-17T21:19:02Z</ModuleTime>
      <ModuleName>Castle.Core</ModuleName>
      <Classes />
    </Module>
    <Module skippedDueTo="Filter" hash="03-81-40-A2-9C-12-52-8C-EC-BC-CA-20-69-55-17-00-F1-4E-1A-E5">
      <ModulePath>C:\Program Files\dotnet\shared\Microsoft.NETCore.App\1.0.1\System.Reflection.Primitives.dll</ModulePath>
      <ModuleTime>2016-08-27T01:53:30Z</ModuleTime>
      <ModuleName>System.Reflection.Primitives</ModuleName>
      <Classes />
    </Module>
    <Module skippedDueTo="Filter" hash="FC-B1-82-15-06-2C-0C-C2-87-74-15-D0-F9-D2-F0-F4-1B-3E-36-36">
      <ModulePath>C:\Program Files\dotnet\shared\Microsoft.NETCore.App\1.0.1\System.Reflection.Extensions.dll</ModulePath>
      <ModuleTime>2016-08-27T01:53:30Z</ModuleTime>
      <ModuleName>System.Reflection.Extensions</ModuleName>
      <Classes />
    </Module>
    <Module skippedDueTo="Filter" hash="21-F6-B9-7F-47-F8-1F-6C-61-B2-70-A7-0A-E9-B8-56-B6-B8-D2-2D">
      <ModulePath>C:\Program Files\dotnet\shared\Microsoft.NETCore.App\1.0.1\System.ComponentModel.dll</ModulePath>
      <ModuleTime>2016-08-27T01:53:10Z</ModuleTime>
      <ModuleName>System.ComponentModel</ModuleName>
      <Classes />
    </Module>
    <Module skippedDueTo="Filter" hash="5E-23-40-CB-36-C9-46-FD-E1-FF-65-8E-4C-72-6F-99-A4-E0-AE-B3">
      <ModulePath>C:\Users\learnb\.nuget\packages\System.Collections.Specialized\4.0.1\lib\netstandard1.3\System.Collections.Specialized.dll</ModulePath>
      <ModuleTime>2016-06-12T03:13:22Z</ModuleTime>
      <ModuleName>System.Collections.Specialized</ModuleName>
      <Classes />
    </Module>
    <Module skippedDueTo="Filter" hash="A4-AD-3E-AA-80-FD-0E-DF-15-28-02-1D-53-44-2D-B2-05-E6-8D-EC">
      <ModulePath>C:\Program Files\dotnet\shared\Microsoft.NETCore.App\1.0.1\System.Reflection.Emit.ILGeneration.dll</ModulePath>
      <ModuleTime>2016-08-27T01:53:30Z</ModuleTime>
      <ModuleName>System.Reflection.Emit.ILGeneration</ModuleName>
      <Classes />
    </Module>
    <Module skippedDueTo="Filter" hash="52-F5-24-C3-A6-A1-98-77-16-73-73-E9-F2-F4-86-71-8B-48-F2-2B">
      <ModulePath>C:\Program Files\dotnet\shared\Microsoft.NETCore.App\1.0.1\System.Net.Http.dll</ModulePath>
      <ModuleTime>2016-08-27T01:53:30Z</ModuleTime>
      <ModuleName>System.Net.Http</ModuleName>
      <Classes />
    </Module>
    <Module skippedDueTo="Filter" hash="05-3D-10-EC-12-A3-E4-BF-16-E7-BB-6E-06-BE-61-1A-D6-34-A5-2D">
      <ModulePath>C:\Users\learnb\.nuget\packages\Microsoft.AspNetCore.Antiforgery\1.0.1\lib\netstandard1.3\Microsoft.AspNetCore.Antiforgery.dll</ModulePath>
      <ModuleTime>2016-08-31T21:26:18Z</ModuleTime>
      <ModuleName>Microsoft.AspNetCore.Antiforgery</ModuleName>
      <Classes />
    </Module>
    <Module skippedDueTo="Filter" hash="6F-15-37-3E-6B-FD-49-71-1E-D3-6C-3F-D1-A1-6D-04-8B-FF-F2-6E">
      <ModulePath>C:\Users\learnb\.nuget\packages\Microsoft.Extensions.Options\1.0.0\lib\netstandard1.0\Microsoft.Extensions.Options.dll</ModulePath>
      <ModuleTime>2016-06-22T13:14:56Z</ModuleTime>
      <ModuleName>Microsoft.Extensions.Options</ModuleName>
      <Classes />
    </Module>
    <Module skippedDueTo="Filter" hash="3A-86-76-4D-26-80-F4-74-DA-BD-22-C2-1F-42-4B-0F-86-82-55-E9">
      <ModulePath>C:\Users\learnb\.nuget\packages\Microsoft.Extensions.ObjectPool\1.0.0\lib\netstandard1.3\Microsoft.Extensions.ObjectPool.dll</ModulePath>
      <ModuleTime>2016-06-22T13:14:56Z</ModuleTime>
      <ModuleName>Microsoft.Extensions.ObjectPool</ModuleName>
      <Classes />
    </Module>
    <Module skippedDueTo="Filter" hash="DB-03-C1-83-AE-DD-5D-4B-40-71-A2-C7-BE-C2-AD-A5-FA-AE-53-FE">
      <ModulePath>C:\Users\learnb\.nuget\packages\Microsoft.AspNetCore.Http.Features\1.0.0\lib\netstandard1.3\Microsoft.AspNetCore.Http.Features.dll</ModulePath>
      <ModuleTime>2016-06-22T13:14:52Z</ModuleTime>
      <ModuleName>Microsoft.AspNetCore.Http.Features</ModuleName>
      <Classes />
    </Module>
    <Module skippedDueTo="Filter" hash="B7-91-FF-2F-7B-F1-E0-37-93-27-22-FC-43-6B-29-BF-A5-02-15-FD">
      <ModulePath>C:\Users\learnb\.nuget\packages\Microsoft.Extensions.Primitives\1.0.0\lib\netstandard1.0\Microsoft.Extensions.Primitives.dll</ModulePath>
      <ModuleTime>2016-06-22T13:14:56Z</ModuleTime>
      <ModuleName>Microsoft.Extensions.Primitives</ModuleName>
      <Classes />
    </Module>
    <Module skippedDueTo="Filter" hash="B9-C8-4C-AC-75-89-11-7C-80-28-6C-29-45-07-B3-3E-AB-06-14-77">
      <ModulePath>C:\Users\learnb\.nuget\packages\Microsoft.AspNetCore.Authorization\1.0.0\lib\netstandard1.3\Microsoft.AspNetCore.Authorization.dll</ModulePath>
      <ModuleTime>2016-06-22T13:14:52Z</ModuleTime>
      <ModuleName>Microsoft.AspNetCore.Authorization</ModuleName>
      <Classes />
    </Module>
    <Module skippedDueTo="Filter" hash="1E-AD-EB-D6-EA-A4-D7-D9-9F-AE-B6-39-99-D6-AC-FB-6B-98-E1-46">
      <ModulePath>C:\Users\learnb\.nuget\packages\Microsoft.AspNetCore.Cors\1.0.0\lib\netstandard1.3\Microsoft.AspNetCore.Cors.dll</ModulePath>
      <ModuleTime>2016-06-22T13:14:52Z</ModuleTime>
      <ModuleName>Microsoft.AspNetCore.Cors</ModuleName>
      <Classes />
    </Module>
    <Module skippedDueTo="Filter" hash="B9-29-AF-B1-E5-85-F2-74-B4-89-3D-7C-3C-B4-01-73-2B-C5-3E-D1">
      <ModulePath>C:\Users\learnb\.nuget\packages\Microsoft.AspNetCore.Cryptography.Internal\1.0.0\lib\netstandard1.3\Microsoft.AspNetCore.Cryptography.Internal.dll</ModulePath>
      <ModuleTime>2016-06-22T13:14:52Z</ModuleTime>
      <ModuleName>Microsoft.AspNetCore.Cryptography.Internal</ModuleName>
      <Classes />
    </Module>
    <Module skippedDueTo="Filter" hash="DC-25-76-4E-F6-1B-91-C0-7F-FD-F9-20-23-0A-3A-AC-29-D3-5F-21">
      <ModulePath>C:\Users\learnb\.nuget\packages\Microsoft.AspNetCore.DataProtection\1.0.0\lib\netstandard1.3\Microsoft.AspNetCore.DataProtection.dll</ModulePath>
      <ModuleTime>2016-06-22T13:14:52Z</ModuleTime>
      <ModuleName>Microsoft.AspNetCore.DataProtection</ModuleName>
      <Classes />
    </Module>
    <Module skippedDueTo="Filter" hash="9B-14-70-7E-52-6F-02-7A-DD-1C-D0-6A-DF-97-CA-47-35-05-E5-B5">
      <ModulePath>C:\Users\learnb\.nuget\packages\Microsoft.AspNetCore.DataProtection.Abstractions\1.0.0\lib\netstandard1.3\Microsoft.AspNetCore.DataProtection.Abstractions.dll</ModulePath>
      <ModuleTime>2016-06-22T13:14:52Z</ModuleTime>
      <ModuleName>Microsoft.AspNetCore.DataProtection.Abstractions</ModuleName>
      <Classes />
    </Module>
    <Module skippedDueTo="Filter" hash="DD-CE-BC-25-8D-86-05-B2-47-A1-00-66-BD-CC-E3-39-C5-D7-FD-AB">
      <ModulePath>C:\Users\learnb\.nuget\packages\Microsoft.Extensions.DependencyInjection.Abstractions\1.0.0\lib\netstandard1.0\Microsoft.Extensions.DependencyInjection.Abstractions.dll</ModulePath>
      <ModuleTime>2016-06-22T13:14:56Z</ModuleTime>
      <ModuleName>Microsoft.Extensions.DependencyInjection.Abstractions</ModuleName>
      <Classes />
    </Module>
    <Module skippedDueTo="Filter" hash="4F-E1-46-2F-E1-05-0F-67-25-78-6A-87-2C-04-7D-D4-83-3B-2A-5A">
      <ModulePath>C:\Program Files\dotnet\shared\Microsoft.NETCore.App\1.0.1\System.Xml.XDocument.dll</ModulePath>
      <ModuleTime>2016-08-27T01:53:08Z</ModuleTime>
      <ModuleName>System.Xml.XDocument</ModuleName>
      <Classes />
    </Module>
    <Module skippedDueTo="Filter" hash="C0-50-96-DB-1A-AE-5D-2F-14-17-B4-52-97-61-74-A2-16-74-4B-78">
      <ModulePath>C:\Program Files\dotnet\shared\Microsoft.NETCore.App\1.0.1\System.Xml.ReaderWriter.dll</ModulePath>
      <ModuleTime>2016-08-27T01:53:06Z</ModuleTime>
      <ModuleName>System.Xml.ReaderWriter</ModuleName>
      <Classes />
    </Module>
    <Module skippedDueTo="Filter" hash="26-66-54-76-56-D4-EA-05-C0-88-80-F9-A4-76-80-CD-DF-BE-19-B8">
      <ModulePath>C:\Users\learnb\.nuget\packages\Microsoft.AspNetCore.Diagnostics\1.0.0\lib\netstandard1.3\Microsoft.AspNetCore.Diagnostics.dll</ModulePath>
      <ModuleTime>2016-06-22T13:14:52Z</ModuleTime>
      <ModuleName>Microsoft.AspNetCore.Diagnostics</ModuleName>
      <Classes />
    </Module>
    <Module skippedDueTo="Filter" hash="D6-54-73-34-2A-AD-52-4B-60-6F-E4-9C-1C-FB-42-5C-52-93-95-1D">
      <ModulePath>C:\Users\learnb\.nuget\packages\Microsoft.AspNetCore.Diagnostics.Abstractions\1.0.0\lib\netstandard1.0\Microsoft.AspNetCore.Diagnostics.Abstractions.dll</ModulePath>
      <ModuleTime>2016-06-22T13:14:52Z</ModuleTime>
      <ModuleName>Microsoft.AspNetCore.Diagnostics.Abstractions</ModuleName>
      <Classes />
    </Module>
    <Module skippedDueTo="Filter" hash="A4-A7-DB-C9-89-48-0B-0D-B8-CB-FF-57-3A-D8-CC-D9-7C-15-4B-43">
      <ModulePath>C:\Users\learnb\.nuget\packages\Microsoft.AspNetCore.Http.Abstractions\1.0.0\lib\netstandard1.3\Microsoft.AspNetCore.Http.Abstractions.dll</ModulePath>
      <ModuleTime>2016-06-22T13:14:52Z</ModuleTime>
      <ModuleName>Microsoft.AspNetCore.Http.Abstractions</ModuleName>
      <Classes />
    </Module>
    <Module skippedDueTo="Filter" hash="00-28-98-E9-DB-AB-4D-B7-7C-97-E7-ED-AF-3F-E0-9E-D7-00-A7-CD">
      <ModulePath>C:\Users\learnb\.nuget\packages\Microsoft.AspNetCore.Hosting\1.0.0\lib\netstandard1.3\Microsoft.AspNetCore.Hosting.dll</ModulePath>
      <ModuleTime>2016-06-22T13:14:52Z</ModuleTime>
      <ModuleName>Microsoft.AspNetCore.Hosting</ModuleName>
      <Classes />
    </Module>
    <Module skippedDueTo="Filter" hash="77-13-34-EC-D9-DC-6D-77-6F-C3-0E-69-74-C0-4E-85-3F-91-94-71">
      <ModulePath>C:\Users\learnb\.nuget\packages\Microsoft.AspNetCore.Hosting.Abstractions\1.0.0\lib\netstandard1.3\Microsoft.AspNetCore.Hosting.Abstractions.dll</ModulePath>
      <ModuleTime>2016-06-22T13:14:52Z</ModuleTime>
      <ModuleName>Microsoft.AspNetCore.Hosting.Abstractions</ModuleName>
      <Classes />
    </Module>
    <Module skippedDueTo="Filter" hash="89-31-E3-0B-11-11-22-DE-FC-49-39-77-01-02-3A-AB-D2-33-A1-FE">
      <ModulePath>C:\Users\learnb\.nuget\packages\Microsoft.AspNetCore.Hosting.Server.Abstractions\1.0.0\lib\netstandard1.3\Microsoft.AspNetCore.Hosting.Server.Abstractions.dll</ModulePath>
      <ModuleTime>2016-06-22T13:14:52Z</ModuleTime>
      <ModuleName>Microsoft.AspNetCore.Hosting.Server.Abstractions</ModuleName>
      <Classes />
    </Module>
    <Module skippedDueTo="Filter" hash="C9-D7-90-5B-17-29-8B-A3-64-9B-D4-CC-F9-F5-03-B5-CF-A2-7D-5D">
      <ModulePath>C:\Users\learnb\.nuget\packages\Microsoft.Extensions.FileProviders.Abstractions\1.0.0\lib\netstandard1.0\Microsoft.Extensions.FileProviders.Abstractions.dll</ModulePath>
      <ModuleTime>2016-06-22T13:14:56Z</ModuleTime>
      <ModuleName>Microsoft.Extensions.FileProviders.Abstractions</ModuleName>
      <Classes />
    </Module>
    <Module skippedDueTo="Filter" hash="E4-10-5D-D3-0F-46-74-40-BA-D7-63-73-43-D7-C3-59-E0-3B-82-04">
      <ModulePath>C:\Users\learnb\.nuget\packages\Microsoft.AspNetCore.Html.Abstractions\1.0.0\lib\netstandard1.0\Microsoft.AspNetCore.Html.Abstractions.dll</ModulePath>
      <ModuleTime>2016-06-22T13:14:52Z</ModuleTime>
[...]
              <FileRef uid="14" />
              <SequencePoints>
                <SequencePoint vc="11" uspid="202" ordinal="0" offset="0" sl="79" sc="31" el="84" ec="42" bec="0" bev="0" fileid="14" />
              </SequencePoints>
              <BranchPoints />
              <MethodPoint xsi:type="SequencePoint" vc="11" uspid="202" ordinal="0" offset="0" sl="79" sc="31" el="84" ec="42" bec="0" bev="0" fileid="14" />
            </Method>
          </Methods>
        </Class>
      </Classes>
    </Module>
    <Module skippedDueTo="Filter" hash="7E-17-56-E6-55-BA-A0-0D-CE-74-88-A2-D5-96-5B-4C-93-53-02-85">
      <ModulePath>C:\Program Files\dotnet\shared\Microsoft.NETCore.App\1.0.1\System.Collections.Immutable.dll</ModulePath>
      <ModuleTime>2016-08-27T01:53:30Z</ModuleTime>
      <ModuleName>System.Collections.Immutable</ModuleName>
      <Classes />
    </Module>
    <Module skippedDueTo="Filter" hash="BC-24-BF-31-F4-BB-09-3B-F6-31-27-25-5E-44-E4-A4-60-B5-CA-A5">
      <ModulePath>C:\Program Files\dotnet\shared\Microsoft.NETCore.App\1.0.1\System.Runtime.Numerics.dll</ModulePath>
      <ModuleTime>2016-08-27T01:53:30Z</ModuleTime>
      <ModuleName>System.Runtime.Numerics</ModuleName>
      <Classes />
    </Module>
    <Module skippedDueTo="Filter" hash="DE-DA-93-0F-73-BF-C2-D2-7A-3A-DE-3D-C1-3D-65-6D-89-C8-72-1A">
      <ModulePath>C:\Program Files\dotnet\shared\Microsoft.NETCore.App\1.0.1\Microsoft.CodeAnalysis.VisualBasic.dll</ModulePath>
      <ModuleTime>2016-08-27T01:53:18Z</ModuleTime>
      <ModuleName>Microsoft.CodeAnalysis.VisualBasic</ModuleName>
      <Classes />
    </Module>
    <Module skippedDueTo="Filter" hash="D4-43-22-8E-E2-36-7E-66-0D-E1-17-3E-67-66-C6-79-B9-F3-92-4A">
      <ModulePath>C:\Program Files\dotnet\shared\Microsoft.NETCore.App\1.0.1\Microsoft.CSharp.dll</ModulePath>
      <ModuleTime>2016-08-27T01:53:04Z</ModuleTime>
      <ModuleName>Microsoft.CSharp</ModuleName>
      <Classes />
    </Module>
    <Module skippedDueTo="Filter" hash="E9-1B-3D-50-F6-67-BA-39-27-2F-E8-52-7F-91-24-83-60-8C-04-9E">
      <ModulePath>C:\Program Files\dotnet\shared\Microsoft.NETCore.App\1.0.1\Microsoft.VisualBasic.dll</ModulePath>
      <ModuleTime>2016-08-27T01:53:02Z</ModuleTime>
      <ModuleName>Microsoft.VisualBasic</ModuleName>
      <Classes />
    </Module>
    <Module skippedDueTo="Filter" hash="2C-DB-87-80-E1-76-AA-EA-13-DB-13-4D-23-3F-B2-FD-2A-74-F7-74">
      <ModulePath>C:\Program Files\dotnet\shared\Microsoft.NETCore.App\1.0.1\Microsoft.Win32.Registry.dll</ModulePath>
      <ModuleTime>2016-08-27T01:53:30Z</ModuleTime>
      <ModuleName>Microsoft.Win32.Registry</ModuleName>
      <Classes />
    </Module>
    <Module skippedDueTo="Filter" hash="03-CC-1B-AE-DF-7F-92-7C-29-A8-A8-17-19-F2-74-FB-D4-91-15-F2">
      <ModulePath>C:\Program Files\dotnet\shared\Microsoft.NETCore.App\1.0.1\System.Diagnostics.Tools.dll</ModulePath>
      <ModuleTime>2016-08-27T01:53:30Z</ModuleTime>
      <ModuleName>System.Diagnostics.Tools</ModuleName>
      <Classes />
    </Module>
    <Module skippedDueTo="Filter" hash="59-AB-D4-25-6D-18-81-4D-B9-7F-DA-81-6C-A0-16-E5-F9-E3-F0-36">
      <ModulePath>C:\Program Files\dotnet\shared\Microsoft.NETCore.App\1.0.1\System.Diagnostics.Tracing.dll</ModulePath>
      <ModuleTime>2016-08-27T01:53:08Z</ModuleTime>
      <ModuleName>System.Diagnostics.Tracing</ModuleName>
      <Classes />
    </Module>
    <Module skippedDueTo="Filter" hash="F3-90-7F-36-BD-13-B8-2F-E6-32-52-49-4E-9E-D1-7A-A7-7B-7A-F1">
      <ModulePath>C:\Program Files\dotnet\shared\Microsoft.NETCore.App\1.0.1\System.Globalization.Calendars.dll</ModulePath>
      <ModuleTime>2016-08-27T01:53:30Z</ModuleTime>
      <ModuleName>System.Globalization.Calendars</ModuleName>
      <Classes />
    </Module>
    <Module skippedDueTo="Filter" hash="84-B1-25-FD-4B-3D-82-9D-49-84-15-96-08-05-74-70-0A-BC-A0-5B">
      <ModulePath>C:\Program Files\dotnet\shared\Microsoft.NETCore.App\1.0.1\System.Resources.ResourceManager.dll</ModulePath>
      <ModuleTime>2016-08-27T01:53:30Z</ModuleTime>
      <ModuleName>System.Resources.ResourceManager</ModuleName>
      <Classes />
    </Module>
    <Module skippedDueTo="Filter" hash="CD-70-90-F7-1A-93-14-B7-6D-43-71-F9-55-2B-96-29-76-7F-0C-2B">
      <ModulePath>C:\Program Files\dotnet\shared\Microsoft.NETCore.App\1.0.1\System.Text.Encoding.Extensions.dll</ModulePath>
      <ModuleTime>2016-08-27T01:53:30Z</ModuleTime>
      <ModuleName>System.Text.Encoding.Extensions</ModuleName>
      <Classes />
    </Module>
    <Module skippedDueTo="Filter" hash="30-3C-35-23-D6-C3-48-01-E7-14-C9-F4-99-53-E5-E2-A2-F7-CC-2F">
      <ModulePath>C:\Program Files\dotnet\shared\Microsoft.NETCore.App\1.0.1\System.Threading.Timer.dll</ModulePath>
      <ModuleTime>2016-08-27T01:53:02Z</ModuleTime>
      <ModuleName>System.Threading.Timer</ModuleName>
      <Classes />
    </Module>
    <Module skippedDueTo="Filter" hash="82-F7-D8-78-AF-9B-88-9F-77-90-33-30-1C-92-F5-23-38-DF-CC-7C">
      <ModulePath>C:\Program Files\dotnet\shared\Microsoft.NETCore.App\1.0.1\System.Diagnostics.Debug.dll</ModulePath>
      <ModuleTime>2016-08-27T01:53:30Z</ModuleTime>
      <ModuleName>System.Diagnostics.Debug</ModuleName>
      <Classes />
    </Module>
    <Module skippedDueTo="Filter" hash="C5-2B-AD-AA-9F-1F-C5-7F-65-5A-FD-1B-77-BA-A5-60-D4-EE-3D-58">
      <ModulePath>C:\Program Files\dotnet\shared\Microsoft.NETCore.App\1.0.1\System.Buffers.dll</ModulePath>
      <ModuleTime>2016-08-27T01:53:30Z</ModuleTime>
      <ModuleName>System.Buffers</ModuleName>
      <Classes />
    </Module>
    <Module skippedDueTo="Filter" hash="AE-CD-1B-19-F2-50-EC-DF-BC-2E-23-60-87-50-C0-09-96-26-AC-72">
      <ModulePath>C:\Program Files\dotnet\shared\Microsoft.NETCore.App\1.0.1\System.Diagnostics.DiagnosticSource.dll</ModulePath>
      <ModuleTime>2016-08-27T01:53:30Z</ModuleTime>
      <ModuleName>System.Diagnostics.DiagnosticSource</ModuleName>
      <Classes />
    </Module>
    <Module skippedDueTo="Filter" hash="5F-8C-0A-D5-4D-A3-AC-F0-AE-07-EF-4A-97-9F-14-DB-08-C2-74-19">
      <ModulePath>C:\Program Files\dotnet\shared\Microsoft.NETCore.App\1.0.1\System.Diagnostics.FileVersionInfo.dll</ModulePath>
      <ModuleTime>2016-08-27T01:53:30Z</ModuleTime>
      <ModuleName>System.Diagnostics.FileVersionInfo</ModuleName>
      <Classes />
    </Module>
    <Module skippedDueTo="Filter" hash="35-B7-5E-78-A5-23-13-0C-69-BD-1C-61-5F-14-84-40-08-79-01-9C">
      <ModulePath>C:\Program Files\dotnet\shared\Microsoft.NETCore.App\1.0.1\System.Diagnostics.Process.dll</ModulePath>
      <ModuleTime>2016-08-27T01:53:30Z</ModuleTime>
      <ModuleName>System.Diagnostics.Process</ModuleName>
      <Classes />
    </Module>
    <Module skippedDueTo="Filter" hash="81-91-3C-21-05-6F-7E-B2-8F-B0-B1-BF-54-6A-A9-E7-BA-B9-9E-06">
      <ModulePath>C:\Program Files\dotnet\shared\Microsoft.NETCore.App\1.0.1\System.Diagnostics.StackTrace.dll</ModulePath>
      <ModuleTime>2016-08-27T01:53:30Z</ModuleTime>
      <ModuleName>System.Diagnostics.StackTrace</ModuleName>
      <Classes />
    </Module>
    <Module skippedDueTo="Filter" hash="99-4D-C6-0C-49-E6-CC-44-18-7B-79-75-43-C5-DC-F0-74-EF-A7-60">
      <ModulePath>C:\Program Files\dotnet\shared\Microsoft.NETCore.App\1.0.1\System.Globalization.Extensions.dll</ModulePath>
      <ModuleTime>2016-08-27T01:53:30Z</ModuleTime>
      <ModuleName>System.Globalization.Extensions</ModuleName>
      <Classes />
    </Module>
    <Module skippedDueTo="Filter" hash="01-AA-EB-9E-1E-20-53-33-17-6D-81-29-48-7A-4E-0B-AD-E0-AD-D4">
      <ModulePath>C:\Program Files\dotnet\shared\Microsoft.NETCore.App\1.0.1\System.IO.Compression.dll</ModulePath>
      <ModuleTime>2016-08-27T01:53:30Z</ModuleTime>
      <ModuleName>System.IO.Compression</ModuleName>
      <Classes />
    </Module>
    <Module skippedDueTo="Filter" hash="E3-75-84-34-FF-FB-A0-53-98-69-BC-EC-3A-14-11-E4-03-E1-E7-FD">
      <ModulePath>C:\Program Files\dotnet\shared\Microsoft.NETCore.App\1.0.1\System.IO.Compression.ZipFile.dll</ModulePath>
      <ModuleTime>2016-08-27T01:53:30Z</ModuleTime>
      <ModuleName>System.IO.Compression.ZipFile</ModuleName>
      <Classes />
    </Module>
    <Module skippedDueTo="Filter" hash="94-18-F6-E9-6F-A3-13-A8-25-E6-BA-77-5D-C1-B3-3B-15-11-C8-3F">
      <ModulePath>C:\Program Files\dotnet\shared\Microsoft.NETCore.App\1.0.1\System.IO.FileSystem.Watcher.dll</ModulePath>
      <ModuleTime>2016-08-27T01:53:08Z</ModuleTime>
      <ModuleName>System.IO.FileSystem.Watcher</ModuleName>
      <Classes />
    </Module>
    <Module skippedDueTo="Filter" hash="E5-E8-27-B8-D0-26-50-90-41-10-BC-4D-5A-2D-13-69-E1-A5-1C-A9">
      <ModulePath>C:\Program Files\dotnet\shared\Microsoft.NETCore.App\1.0.1\System.IO.MemoryMappedFiles.dll</ModulePath>
      <ModuleTime>2016-08-27T01:53:08Z</ModuleTime>
      <ModuleName>System.IO.MemoryMappedFiles</ModuleName>
      <Classes />
    </Module>
    <Module skippedDueTo="Filter" hash="DA-9A-04-94-65-2E-04-3C-97-53-30-8B-4F-8B-A1-60-90-61-5F-80">
      <ModulePath>C:\Program Files\dotnet\shared\Microsoft.NETCore.App\1.0.1\System.IO.UnmanagedMemoryStream.dll</ModulePath>
      <ModuleTime>2016-08-27T01:53:10Z</ModuleTime>
      <ModuleName>System.IO.UnmanagedMemoryStream</ModuleName>
      <Classes />
    </Module>
    <Module skippedDueTo="Filter" hash="8E-EB-0B-14-D3-76-F8-F5-AC-15-B5-0C-37-7C-91-40-AA-0D-C1-F0">
      <ModulePath>C:\Program Files\dotnet\shared\Microsoft.NETCore.App\1.0.1\System.Linq.Parallel.dll</ModulePath>
      <ModuleTime>2016-08-27T01:53:04Z</ModuleTime>
      <ModuleName>System.Linq.Parallel</ModuleName>
      <Classes />
    </Module>
    <Module skippedDueTo="Filter" hash="EB-26-4F-AC-3C-3A-55-1E-C4-3C-08-9F-C1-84-01-94-AB-95-6E-78">
      <ModulePath>C:\Program Files\dotnet\shared\Microsoft.NETCore.App\1.0.1\System.Linq.Queryable.dll</ModulePath>
      <ModuleTime>2016-08-27T01:53:04Z</ModuleTime>
      <ModuleName>System.Linq.Queryable</ModuleName>
      <Classes />
    </Module>
    <Module skippedDueTo="Filter" hash="08-B5-D1-1C-36-DB-56-1C-8D-25-03-87-9B-3B-C6-E6-11-0C-5F-37">
      <ModulePath>C:\Program Files\dotnet\shared\Microsoft.NETCore.App\1.0.1\System.Net.NameResolution.dll</ModulePath>
      <ModuleTime>2016-08-27T01:53:30Z</ModuleTime>
      <ModuleName>System.Net.NameResolution</ModuleName>
      <Classes />
    </Module>
    <Module skippedDueTo="Filter" hash="55-23-E1-45-CE-5F-4A-07-32-AB-8C-5C-FA-85-D7-CD-34-F0-7D-A1">
      <ModulePath>C:\Program Files\dotnet\shared\Microsoft.NETCore.App\1.0.1\System.Net.Requests.dll</ModulePath>
      <ModuleTime>2016-08-27T01:53:02Z</ModuleTime>
      <ModuleName>System.Net.Requests</ModuleName>
      <Classes />
    </Module>
    <Module skippedDueTo="Filter" hash="91-2E-0D-C5-E2-F3-E4-F0-39-07-EB-EA-92-7C-CB-12-76-A2-99-9F">
      <ModulePath>C:\Program Files\dotnet\shared\Microsoft.NETCore.App\1.0.1\System.Net.Security.dll</ModulePath>
      <ModuleTime>2016-08-27T01:53:04Z</ModuleTime>
      <ModuleName>System.Net.Security</ModuleName>
      <Classes />
    </Module>
    <Module skippedDueTo="Filter" hash="7B-3E-9A-A8-02-16-06-E9-00-29-E8-78-66-1F-4B-C7-0A-74-C1-B2">
      <ModulePath>C:\Program Files\dotnet\shared\Microsoft.NETCore.App\1.0.1\System.Net.WebHeaderCollection.dll</ModulePath>
      <ModuleTime>2016-08-27T01:53:10Z</ModuleTime>
      <ModuleName>System.Net.WebHeaderCollection</ModuleName>
      <Classes />
    </Module>
    <Module skippedDueTo="Filter" hash="BA-A7-E2-20-46-43-65-22-AE-05-38-F3-3C-63-4D-95-CE-ED-1E-01">
      <ModulePath>C:\Program Files\dotnet\shared\Microsoft.NETCore.App\1.0.1\System.Reflection.DispatchProxy.dll</ModulePath>
      <ModuleTime>2016-08-27T01:53:30Z</ModuleTime>
      <ModuleName>System.Reflection.DispatchProxy</ModuleName>
      <Classes />
    </Module>
    <Module skippedDueTo="Filter" hash="75-AE-0A-71-C8-10-66-34-73-7B-11-FD-90-FF-95-E9-D0-F3-AF-41">
      <ModulePath>C:\Program Files\dotnet\shared\Microsoft.NETCore.App\1.0.1\System.Reflection.Emit.dll</ModulePath>
      <ModuleTime>2016-08-27T01:53:30Z</ModuleTime>
      <ModuleName>System.Reflection.Emit</ModuleName>
      <Classes />
    </Module>
    <Module skippedDueTo="Filter" hash="E7-A5-4C-04-19-12-71-51-33-C5-9A-E2-F1-0E-1E-FD-8F-23-74-A6">
      <ModulePath>C:\Program Files\dotnet\shared\Microsoft.NETCore.App\1.0.1\System.Reflection.Emit.Lightweight.dll</ModulePath>
      <ModuleTime>2016-08-27T01:53:10Z</ModuleTime>
      <ModuleName>System.Reflection.Emit.Lightweight</ModuleName>
      <Classes />
    </Module>
    <Module skippedDueTo="Filter" hash="D7-EA-C8-F3-57-66-13-09-48-7A-E1-6D-F5-EF-5D-B2-74-B8-DF-A1">
      <ModulePath>C:\Program Files\dotnet\shared\Microsoft.NETCore.App\1.0.1\System.Resources.Reader.dll</ModulePath>
      <ModuleTime>2016-08-27T01:53:30Z</ModuleTime>
      <ModuleName>System.Resources.Reader</ModuleName>
      <Classes />
    </Module>
    <Module skippedDueTo="Filter" hash="84-D9-70-F6-7C-DD-08-04-67-C9-FD-C9-F7-73-18-20-F5-D4-6B-21">
      <ModulePath>C:\Program Files\dotnet\shared\Microsoft.NETCore.App\1.0.1\System.Runtime.Loader.dll</ModulePath>
      <ModuleTime>2016-08-27T01:53:30Z</ModuleTime>
      <ModuleName>System.Runtime.Loader</ModuleName>
      <Classes />
    </Module>
    <Module skippedDueTo="Filter" hash="58-7A-0F-34-97-99-7D-0A-D2-A7-AF-70-9F-53-19-CB-40-14-0F-0F">
      <ModulePath>C:\Program Files\dotnet\shared\Microsoft.NETCore.App\1.0.1\System.Security.Cryptography.Algorithms.dll</ModulePath>
      <ModuleTime>2016-08-27T01:53:30Z</ModuleTime>
      <ModuleName>System.Security.Cryptography.Algorithms</ModuleName>
      <Classes />
    </Module>
    <Module skippedDueTo="Filter" hash="E7-79-4B-C4-6F-F1-BC-BF-2B-02-CB-E7-73-56-48-F7-04-98-81-1C">
      <ModulePath>C:\Program Files\dotnet\shared\Microsoft.NETCore.App\1.0.1\System.Security.Cryptography.Primitives.dll</ModulePath>
      <ModuleTime>2016-08-27T01:53:08Z</ModuleTime>
      <ModuleName>System.Security.Cryptography.Primitives</ModuleName>
      <Classes />
    </Module>
    <Module skippedDueTo="Filter" hash="3C-09-82-CC-BB-B6-E6-A5-9C-26-20-6B-4B-B8-02-8D-56-F3-AB-4B">
      <ModulePath>C:\Program Files\dotnet\shared\Microsoft.NETCore.App\1.0.1\System.Security.Cryptography.Encoding.dll</ModulePath>
      <ModuleTime>2016-08-27T01:53:30Z</ModuleTime>
      <ModuleName>System.Security.Cryptography.Encoding</ModuleName>
      <Classes />
    </Module>
    <Module skippedDueTo="Filter" hash="2D-FA-13-E1-C3-3E-2A-2D-A2-74-27-96-CA-C7-C5-04-58-08-A3-C5">
      <ModulePath>C:\Program Files\dotnet\shared\Microsoft.NETCore.App\1.0.1\System.Security.Cryptography.Cng.dll</ModulePath>
      <ModuleTime>2016-08-27T01:53:02Z</ModuleTime>
      <ModuleName>System.Security.Cryptography.Cng</ModuleName>
      <Classes />
    </Module>
    <Module skippedDueTo="Filter" hash="A5-D0-34-F2-8B-BB-C1-02-DE-7B-31-38-66-76-B0-48-8B-A9-CD-50">
      <ModulePath>C:\Program Files\dotnet\shared\Microsoft.NETCore.App\1.0.1\System.Security.Cryptography.Csp.dll</ModulePath>
      <ModuleTime>2016-08-27T01:53:08Z</ModuleTime>
      <ModuleName>System.Security.Cryptography.Csp</ModuleName>
      <Classes />
    </Module>
    <Module skippedDueTo="Filter" hash="FA-5A-D8-3D-BC-AB-07-FC-41-F3-9A-FE-F2-5B-83-7A-BB-F7-AC-24">
      <ModulePath>C:\Program Files\dotnet\shared\Microsoft.NETCore.App\1.0.1\System.Security.Cryptography.OpenSsl.dll</ModulePath>
      <ModuleTime>2016-08-27T01:53:30Z</ModuleTime>
      <ModuleName>System.Security.Cryptography.OpenSsl</ModuleName>
      <Classes />
    </Module>
    <Module skippedDueTo="Filter" hash="C9-3F-92-F8-1E-A0-43-6A-54-E8-30-AE-E0-55-A7-3A-EF-97-4B-A9">
      <ModulePath>C:\Program Files\dotnet\shared\Microsoft.NETCore.App\1.0.1\System.Security.Principal.Windows.dll</ModulePath>
      <ModuleTime>2016-08-27T01:53:00Z</ModuleTime>
      <ModuleName>System.Security.Principal.Windows</ModuleName>
      <Classes />
    </Module>
    <Module skippedDueTo="Filter" hash="8E-54-0A-D0-24-CD-6B-32-64-57-9C-3F-C6-52-82-F1-01-92-80-4E">
      <ModulePath>C:\Program Files\dotnet\shared\Microsoft.NETCore.App\1.0.1\System.Text.Encoding.CodePages.dll</ModulePath>
      <ModuleTime>2016-08-27T01:53:02Z</ModuleTime>
      <ModuleName>System.Text.Encoding.CodePages</ModuleName>
      <Classes />
    </Module>
    <Module skippedDueTo="Filter" hash="DE-F2-58-CF-C9-7F-41-E4-5A-7C-06-90-0F-B9-70-BE-71-CB-C9-ED">
      <ModulePath>C:\Program Files\dotnet\shared\Microsoft.NETCore.App\1.0.1\System.Threading.Overlapped.dll</ModulePath>
      <ModuleTime>2016-08-27T01:53:10Z</ModuleTime>
      <ModuleName>System.Threading.Overlapped</ModuleName>
      <Classes />
    </Module>
    <Module skippedDueTo="Filter" hash="31-A8-8D-F3-4C-67-08-79-F1-43-71-E5-E8-8C-0A-D6-DE-EC-ED-5A">
      <ModulePath>C:\Program Files\dotnet\shared\Microsoft.NETCore.App\1.0.1\System.Threading.Tasks.Dataflow.dll</ModulePath>
      <ModuleTime>2016-08-27T01:53:08Z</ModuleTime>
      <ModuleName>System.Threading.Tasks.Dataflow</ModuleName>
      <Classes />
    </Module>
    <Module skippedDueTo="Filter" hash="A2-B6-99-1B-DF-98-FE-50-F5-07-4F-EB-DB-45-C1-C0-75-63-5C-66">
      <ModulePath>C:\Program Files\dotnet\shared\Microsoft.NETCore.App\1.0.1\System.Threading.Tasks.Parallel.dll</ModulePath>
      <ModuleTime>2016-08-27T01:53:08Z</ModuleTime>
      <ModuleName>System.Threading.Tasks.Parallel</ModuleName>
      <Classes />
    </Module>
    <Module skippedDueTo="Filter" hash="62-5E-E8-13-57-67-E5-D8-E1-A1-FC-B1-B1-CF-9B-1F-03-B3-39-DE">
      <ModulePath>C:\Program Files\dotnet\shared\Microsoft.NETCore.App\1.0.1\System.Threading.Thread.dll</ModulePath>
      <ModuleTime>2016-08-27T01:53:30Z</ModuleTime>
      <ModuleName>System.Threading.Thread</ModuleName>
      <Classes />
    </Module>
    <Module skippedDueTo="Filter" hash="F0-0C-19-B6-D6-78-03-BA-8E-D7-D7-1F-A5-27-66-77-E0-58-DB-8F">
      <ModulePath>C:\Program Files\dotnet\shared\Microsoft.NETCore.App\1.0.1\System.Threading.ThreadPool.dll</ModulePath>
      <ModuleTime>2016-08-27T01:53:30Z</ModuleTime>
      <ModuleName>System.Threading.ThreadPool</ModuleName>
      <Classes />
    </Module>
    <Module skippedDueTo="Filter" hash="08-AC-7A-71-B6-43-58-C2-0E-8B-27-9D-3E-27-B1-59-EA-8D-9E-97">
      <ModulePath>C:\Program Files\dotnet\shared\Microsoft.NETCore.App\1.0.1\System.Xml.XmlDocument.dll</ModulePath>
      <ModuleTime>2016-08-27T01:53:00Z</ModuleTime>
      <ModuleName>System.Xml.XmlDocument</ModuleName>
      <Classes />
    </Module>
    <Module skippedDueTo="Filter" hash="5E-85-5A-9D-62-DD-B9-D7-45-89-36-71-17-4C-A5-91-30-9C-7C-F9">
      <ModulePath>C:\Program Files\dotnet\shared\Microsoft.NETCore.App\1.0.1\System.Xml.XPath.dll</ModulePath>
      <ModuleTime>2016-08-27T01:53:30Z</ModuleTime>
      <ModuleName>System.Xml.XPath</ModuleName>
      <Classes />
    </Module>
    <Module skippedDueTo="Filter" hash="46-CC-EB-19-67-AF-10-68-B0-40-72-D8-E2-D5-17-E5-46-96-7E-A4">
      <ModulePath>C:\Program Files\dotnet\shared\Microsoft.NETCore.App\1.0.1\System.Xml.XPath.XDocument.dll</ModulePath>
      <ModuleTime>2016-08-27T01:52:58Z</ModuleTime>
      <ModuleName>System.Xml.XPath.XDocument</ModuleName>
      <Classes />
    </Module>
    <Module skippedDueTo="Filter" hash="">
      <ModulePath>RefEmit_InMemoryManifestModule</ModulePath>
      <ModuleTime>0001-01-01T00:00:00</ModuleTime>
      <ModuleName>Anonymously Hosted DynamicMethods Assembly</ModuleName>
      <Classes />
    </Module>
    <Module skippedDueTo="Filter" hash="">
      <ModulePath>RefEmit_InMemoryManifestModule</ModulePath>
      <ModuleTime>0001-01-01T00:00:00</ModuleTime>
      <ModuleName>DynamicProxyGenAssembly2</ModuleName>
      <Classes />
    </Module>
  </Modules>
</CoverageSession>